CRITICAL - 2023-03-28 11:10:12 --> Call to undefined function App\Models\now()
in APPPATH/Models/LoggingModel.php on line 51.
 1 APPPATH/Controllers/TaskController.php(54): App\Models\LoggingModel->insertLog()
 2 SYSTEMPATH/CodeIgniter.php(927): App\Controllers\TaskController->create()
 3 SYSTEMPATH/CodeIgniter.php(482): CodeIgniter\CodeIgniter->runController()
 4 SYSTEMPATH/CodeIgniter.php(351): CodeIgniter\CodeIgniter->handleRequest()
 5 FCPATH/index.php(67): CodeIgniter\CodeIgniter->run()
 6 SYSTEMPATH/Commands/Server/rewrite.php(46): require_once('FCPATH/index.php')
CRITICAL - 2023-03-28 11:10:48 --> Call to undefined function App\Models\now()
in APPPATH/Models/LoggingModel.php on line 51.
 1 APPPATH/Controllers/TaskController.php(54): App\Models\LoggingModel->insertLog()
 2 SYSTEMPATH/CodeIgniter.php(927): App\Controllers\TaskController->create()
 3 SYSTEMPATH/CodeIgniter.php(482): CodeIgniter\CodeIgniter->runController()
 4 SYSTEMPATH/CodeIgniter.php(351): CodeIgniter\CodeIgniter->handleRequest()
 5 FCPATH/index.php(67): CodeIgniter\CodeIgniter->run()
 6 SYSTEMPATH/Commands/Server/rewrite.php(46): require_once('FCPATH/index.php')
CRITICAL - 2023-03-28 11:12:02 --> Call to undefined function App\Models\now()
in APPPATH/Models/LoggingModel.php on line 49.
 1 APPPATH/Controllers/TaskController.php(54): App\Models\LoggingModel->insertLog()
 2 SYSTEMPATH/CodeIgniter.php(927): App\Controllers\TaskController->create()
 3 SYSTEMPATH/CodeIgniter.php(482): CodeIgniter\CodeIgniter->runController()
 4 SYSTEMPATH/CodeIgniter.php(351): CodeIgniter\CodeIgniter->handleRequest()
 5 FCPATH/index.php(67): CodeIgniter\CodeIgniter->run()
 6 SYSTEMPATH/Commands/Server/rewrite.php(46): require_once('FCPATH/index.php')
CRITICAL - 2023-03-28 11:12:51 --> Call to undefined method CodeIgniter\Database\MySQLi\Connection::insert()
in APPPATH/Models/LoggingModel.php on line 54.
 1 APPPATH/Controllers/TaskController.php(54): App\Models\LoggingModel->insertLog()
 2 SYSTEMPATH/CodeIgniter.php(927): App\Controllers\TaskController->create()
 3 SYSTEMPATH/CodeIgniter.php(482): CodeIgniter\CodeIgniter->runController()
 4 SYSTEMPATH/CodeIgniter.php(351): CodeIgniter\CodeIgniter->handleRequest()
 5 FCPATH/index.php(67): CodeIgniter\CodeIgniter->run()
 6 SYSTEMPATH/Commands/Server/rewrite.php(46): require_once('FCPATH/index.php')
CRITICAL - 2023-03-28 11:17:29 --> Call to undefined method App\Models\LoggingModel::insertLog
in SYSTEMPATH/Model.php on line 774.
 1 APPPATH/Controllers/TaskController.php(54): CodeIgniter\Model->__call()
 2 SYSTEMPATH/CodeIgniter.php(927): App\Controllers\TaskController->create()
 3 SYSTEMPATH/CodeIgniter.php(482): CodeIgniter\CodeIgniter->runController()
 4 SYSTEMPATH/CodeIgniter.php(351): CodeIgniter\CodeIgniter->handleRequest()
 5 FCPATH/index.php(67): CodeIgniter\CodeIgniter->run()
 6 SYSTEMPATH/Commands/Server/rewrite.php(46): require_once('FCPATH/index.php')
CRITICAL - 2023-03-28 11:17:45 --> Call to undefined method App\Models\LoggingModel::insertLog
in SYSTEMPATH/Model.php on line 774.
 1 APPPATH/Controllers/TaskController.php(54): CodeIgniter\Model->__call()
 2 SYSTEMPATH/CodeIgniter.php(927): App\Controllers\TaskController->create()
 3 SYSTEMPATH/CodeIgniter.php(482): CodeIgniter\CodeIgniter->runController()
 4 SYSTEMPATH/CodeIgniter.php(351): CodeIgniter\CodeIgniter->handleRequest()
 5 FCPATH/index.php(67): CodeIgniter\CodeIgniter->run()
 6 SYSTEMPATH/Commands/Server/rewrite.php(46): require_once('FCPATH/index.php')
CRITICAL - 2023-03-28 11:19:29 --> Call to undefined method App\Models\LoggingModel::insertLog
in SYSTEMPATH/Model.php on line 774.
 1 APPPATH/Controllers/TaskController.php(54): CodeIgniter\Model->__call()
 2 SYSTEMPATH/CodeIgniter.php(927): App\Controllers\TaskController->create()
 3 SYSTEMPATH/CodeIgniter.php(482): CodeIgniter\CodeIgniter->runController()
 4 SYSTEMPATH/CodeIgniter.php(351): CodeIgniter\CodeIgniter->handleRequest()
 5 FCPATH/index.php(67): CodeIgniter\CodeIgniter->run()
 6 SYSTEMPATH/Commands/Server/rewrite.php(46): require_once('FCPATH/index.php')
CRITICAL - 2023-03-28 11:25:24 --> Call to undefined method App\Models\LoggingModel::insertLog
in SYSTEMPATH/Model.php on line 774.
 1 APPPATH/Controllers/TaskController.php(54): CodeIgniter\Model->__call()
 2 SYSTEMPATH/CodeIgniter.php(927): App\Controllers\TaskController->create()
 3 SYSTEMPATH/CodeIgniter.php(482): CodeIgniter\CodeIgniter->runController()
 4 SYSTEMPATH/CodeIgniter.php(351): CodeIgniter\CodeIgniter->handleRequest()
 5 FCPATH/index.php(67): CodeIgniter\CodeIgniter->run()
 6 SYSTEMPATH/Commands/Server/rewrite.php(46): require_once('FCPATH/index.php')
CRITICAL - 2023-03-28 11:25:26 --> Call to undefined method App\Models\LoggingModel::insertLog
in SYSTEMPATH/Model.php on line 774.
 1 APPPATH/Controllers/TaskController.php(54): CodeIgniter\Model->__call()
 2 SYSTEMPATH/CodeIgniter.php(927): App\Controllers\TaskController->create()
 3 SYSTEMPATH/CodeIgniter.php(482): CodeIgniter\CodeIgniter->runController()
 4 SYSTEMPATH/CodeIgniter.php(351): CodeIgniter\CodeIgniter->handleRequest()
 5 FCPATH/index.php(67): CodeIgniter\CodeIgniter->run()
 6 SYSTEMPATH/Commands/Server/rewrite.php(46): require_once('FCPATH/index.php')
CRITICAL - 2023-03-28 11:44:59 --> syntax error, unexpected 'return' (T_RETURN), expecting identifier (T_STRING) or variable (T_VARIABLE) or '{' or '$'
in APPPATH/Controllers/TaskController.php on line 46.
 1 SYSTEMPATH/Autoloader/Autoloader.php(259): CodeIgniter\Autoloader\Autoloader->includeFile()
 2 SYSTEMPATH/Autoloader/Autoloader.php(237): CodeIgniter\Autoloader\Autoloader->loadInNamespace()
 3 [internal function]: CodeIgniter\Autoloader\Autoloader->loadClass()
 4 [internal function]: spl_autoload_call()
 5 SYSTEMPATH/CodeIgniter.php(877): class_exists()
 6 SYSTEMPATH/CodeIgniter.php(469): CodeIgniter\CodeIgniter->startController()
 7 SYSTEMPATH/CodeIgniter.php(351): CodeIgniter\CodeIgniter->handleRequest()
 8 FCPATH/index.php(67): CodeIgniter\CodeIgniter->run()
 9 SYSTEMPATH/Commands/Server/rewrite.php(46): require_once('FCPATH/index.php')
CRITICAL - 2023-03-28 11:45:18 --> Call to undefined method App\Models\LoggingModel::insertLog
in SYSTEMPATH/Model.php on line 774.
 1 APPPATH/Controllers/TaskController.php(55): CodeIgniter\Model->__call()
 2 SYSTEMPATH/CodeIgniter.php(927): App\Controllers\TaskController->create()
 3 SYSTEMPATH/CodeIgniter.php(482): CodeIgniter\CodeIgniter->runController()
 4 SYSTEMPATH/CodeIgniter.php(351): CodeIgniter\CodeIgniter->handleRequest()
 5 FCPATH/index.php(67): CodeIgniter\CodeIgniter->run()
 6 SYSTEMPATH/Commands/Server/rewrite.php(46): require_once('FCPATH/index.php')
CRITICAL - 2023-03-28 11:45:57 --> Call to undefined method App\Models\LoggingModel::insertLog
in SYSTEMPATH/Model.php on line 774.
 1 APPPATH/Controllers/TaskController.php(55): CodeIgniter\Model->__call()
 2 SYSTEMPATH/CodeIgniter.php(927): App\Controllers\TaskController->create()
 3 SYSTEMPATH/CodeIgniter.php(482): CodeIgniter\CodeIgniter->runController()
 4 SYSTEMPATH/CodeIgniter.php(351): CodeIgniter\CodeIgniter->handleRequest()
 5 FCPATH/index.php(67): CodeIgniter\CodeIgniter->run()
 6 SYSTEMPATH/Commands/Server/rewrite.php(46): require_once('FCPATH/index.php')
CRITICAL - 2023-03-28 11:45:58 --> Call to undefined method App\Models\LoggingModel::insertLog
in SYSTEMPATH/Model.php on line 774.
 1 APPPATH/Controllers/TaskController.php(55): CodeIgniter\Model->__call()
 2 SYSTEMPATH/CodeIgniter.php(927): App\Controllers\TaskController->create()
 3 SYSTEMPATH/CodeIgniter.php(482): CodeIgniter\CodeIgniter->runController()
 4 SYSTEMPATH/CodeIgniter.php(351): CodeIgniter\CodeIgniter->handleRequest()
 5 FCPATH/index.php(67): CodeIgniter\CodeIgniter->run()
 6 SYSTEMPATH/Commands/Server/rewrite.php(46): require_once('FCPATH/index.php')
CRITICAL - 2023-03-28 11:46:01 --> Call to undefined method App\Models\LoggingModel::insertLog
in SYSTEMPATH/Model.php on line 774.
 1 APPPATH/Controllers/TaskController.php(55): CodeIgniter\Model->__call()
 2 SYSTEMPATH/CodeIgniter.php(927): App\Controllers\TaskController->create()
 3 SYSTEMPATH/CodeIgniter.php(482): CodeIgniter\CodeIgniter->runController()
 4 SYSTEMPATH/CodeIgniter.php(351): CodeIgniter\CodeIgniter->handleRequest()
 5 FCPATH/index.php(67): CodeIgniter\CodeIgniter->run()
 6 SYSTEMPATH/Commands/Server/rewrite.php(46): require_once('FCPATH/index.php')
CRITICAL - 2023-03-28 11:47:27 --> Undefined property: App\Controllers\TaskController::$loggingEntity
in APPPATH/Controllers/TaskController.php on line 55.
 1 APPPATH/Controllers/TaskController.php(55): CodeIgniter\Debug\Exceptions->errorHandler()
 2 SYSTEMPATH/CodeIgniter.php(927): App\Controllers\TaskController->create()
 3 SYSTEMPATH/CodeIgniter.php(482): CodeIgniter\CodeIgniter->runController()
 4 SYSTEMPATH/CodeIgniter.php(351): CodeIgniter\CodeIgniter->handleRequest()
 5 FCPATH/index.php(67): CodeIgniter\CodeIgniter->run()
 6 SYSTEMPATH/Commands/Server/rewrite.php(46): require_once('FCPATH/index.php')
CRITICAL - 2023-03-28 11:52:47 --> Undefined property: App\Controllers\TaskController::$loggingEntity
in APPPATH/Controllers/TaskController.php on line 55.
 1 APPPATH/Controllers/TaskController.php(55): CodeIgniter\Debug\Exceptions->errorHandler()
 2 SYSTEMPATH/CodeIgniter.php(927): App\Controllers\TaskController->create()
 3 SYSTEMPATH/CodeIgniter.php(482): CodeIgniter\CodeIgniter->runController()
 4 SYSTEMPATH/CodeIgniter.php(351): CodeIgniter\CodeIgniter->handleRequest()
 5 FCPATH/index.php(67): CodeIgniter\CodeIgniter->run()
 6 SYSTEMPATH/Commands/Server/rewrite.php(46): require_once('FCPATH/index.php')
CRITICAL - 2023-03-28 11:52:51 --> Undefined property: App\Controllers\TaskController::$loggingEntity
in APPPATH/Controllers/TaskController.php on line 55.
 1 APPPATH/Controllers/TaskController.php(55): CodeIgniter\Debug\Exceptions->errorHandler()
 2 SYSTEMPATH/CodeIgniter.php(927): App\Controllers\TaskController->create()
 3 SYSTEMPATH/CodeIgniter.php(482): CodeIgniter\CodeIgniter->runController()
 4 SYSTEMPATH/CodeIgniter.php(351): CodeIgniter\CodeIgniter->handleRequest()
 5 FCPATH/index.php(67): CodeIgniter\CodeIgniter->run()
 6 SYSTEMPATH/Commands/Server/rewrite.php(46): require_once('FCPATH/index.php')
CRITICAL - 2023-03-28 11:53:21 --> Call to a member function insert() on null
in APPPATH/Entities/Logging.php on line 20.
 1 APPPATH/Controllers/TaskController.php(55): App\Entities\Logging->insertLog()
 2 SYSTEMPATH/CodeIgniter.php(927): App\Controllers\TaskController->create()
 3 SYSTEMPATH/CodeIgniter.php(482): CodeIgniter\CodeIgniter->runController()
 4 SYSTEMPATH/CodeIgniter.php(351): CodeIgniter\CodeIgniter->handleRequest()
 5 FCPATH/index.php(67): CodeIgniter\CodeIgniter->run()
 6 SYSTEMPATH/Commands/Server/rewrite.php(46): require_once('FCPATH/index.php')
CRITICAL - 2023-03-28 11:56:40 --> Call to a member function insert() on null
in APPPATH/Entities/Logging.php on line 20.
 1 APPPATH/Controllers/TaskController.php(55): App\Entities\Logging->insertLog()
 2 SYSTEMPATH/CodeIgniter.php(927): App\Controllers\TaskController->create()
 3 SYSTEMPATH/CodeIgniter.php(482): CodeIgniter\CodeIgniter->runController()
 4 SYSTEMPATH/CodeIgniter.php(351): CodeIgniter\CodeIgniter->handleRequest()
 5 FCPATH/index.php(67): CodeIgniter\CodeIgniter->run()
 6 SYSTEMPATH/Commands/Server/rewrite.php(46): require_once('FCPATH/index.php')
CRITICAL - 2023-03-28 11:58:07 --> Call to a member function insert() on null
in APPPATH/Entities/Logging.php on line 20.
 1 APPPATH/Controllers/TaskController.php(55): App\Entities\Logging->insertLog()
 2 SYSTEMPATH/CodeIgniter.php(927): App\Controllers\TaskController->create()
 3 SYSTEMPATH/CodeIgniter.php(482): CodeIgniter\CodeIgniter->runController()
 4 SYSTEMPATH/CodeIgniter.php(351): CodeIgniter\CodeIgniter->handleRequest()
 5 FCPATH/index.php(67): CodeIgniter\CodeIgniter->run()
 6 SYSTEMPATH/Commands/Server/rewrite.php(46): require_once('FCPATH/index.php')
CRITICAL - 2023-03-28 11:59:13 --> Call to a member function insert() on null
in APPPATH/Entities/Logging.php on line 20.
 1 APPPATH/Controllers/TaskController.php(55): App\Entities\Logging->insertLog()
 2 SYSTEMPATH/CodeIgniter.php(927): App\Controllers\TaskController->create()
 3 SYSTEMPATH/CodeIgniter.php(482): CodeIgniter\CodeIgniter->runController()
 4 SYSTEMPATH/CodeIgniter.php(351): CodeIgniter\CodeIgniter->handleRequest()
 5 FCPATH/index.php(67): CodeIgniter\CodeIgniter->run()
 6 SYSTEMPATH/Commands/Server/rewrite.php(46): require_once('FCPATH/index.php')
CRITICAL - 2023-03-28 11:59:22 --> Call to a member function insert() on null
in APPPATH/Entities/Logging.php on line 20.
 1 APPPATH/Controllers/TaskController.php(55): App\Entities\Logging->insertLog()
 2 SYSTEMPATH/CodeIgniter.php(927): App\Controllers\TaskController->create()
 3 SYSTEMPATH/CodeIgniter.php(482): CodeIgniter\CodeIgniter->runController()
 4 SYSTEMPATH/CodeIgniter.php(351): CodeIgniter\CodeIgniter->handleRequest()
 5 FCPATH/index.php(67): CodeIgniter\CodeIgniter->run()
 6 SYSTEMPATH/Commands/Server/rewrite.php(46): require_once('FCPATH/index.php')
CRITICAL - 2023-03-28 11:59:24 --> Call to a member function insert() on null
in APPPATH/Entities/Logging.php on line 20.
 1 APPPATH/Controllers/TaskController.php(55): App\Entities\Logging->insertLog()
 2 SYSTEMPATH/CodeIgniter.php(927): App\Controllers\TaskController->create()
 3 SYSTEMPATH/CodeIgniter.php(482): CodeIgniter\CodeIgniter->runController()
 4 SYSTEMPATH/CodeIgniter.php(351): CodeIgniter\CodeIgniter->handleRequest()
 5 FCPATH/index.php(67): CodeIgniter\CodeIgniter->run()
 6 SYSTEMPATH/Commands/Server/rewrite.php(46): require_once('FCPATH/index.php')
CRITICAL - 2023-03-28 11:59:27 --> Call to a member function insert() on null
in APPPATH/Entities/Logging.php on line 20.
 1 APPPATH/Controllers/TaskController.php(55): App\Entities\Logging->insertLog()
 2 SYSTEMPATH/CodeIgniter.php(927): App\Controllers\TaskController->create()
 3 SYSTEMPATH/CodeIgniter.php(482): CodeIgniter\CodeIgniter->runController()
 4 SYSTEMPATH/CodeIgniter.php(351): CodeIgniter\CodeIgniter->handleRequest()
 5 FCPATH/index.php(67): CodeIgniter\CodeIgniter->run()
 6 SYSTEMPATH/Commands/Server/rewrite.php(46): require_once('FCPATH/index.php')
CRITICAL - 2023-03-28 11:59:28 --> Call to a member function insert() on null
in APPPATH/Entities/Logging.php on line 20.
 1 APPPATH/Controllers/TaskController.php(55): App\Entities\Logging->insertLog()
 2 SYSTEMPATH/CodeIgniter.php(927): App\Controllers\TaskController->create()
 3 SYSTEMPATH/CodeIgniter.php(482): CodeIgniter\CodeIgniter->runController()
 4 SYSTEMPATH/CodeIgniter.php(351): CodeIgniter\CodeIgniter->handleRequest()
 5 FCPATH/index.php(67): CodeIgniter\CodeIgniter->run()
 6 SYSTEMPATH/Commands/Server/rewrite.php(46): require_once('FCPATH/index.php')
CRITICAL - 2023-03-28 12:01:23 --> Call to a member function insert() on null
in APPPATH/Entities/Logging.php on line 20.
 1 APPPATH/Controllers/TaskController.php(55): App\Entities\Logging->insertLog()
 2 SYSTEMPATH/CodeIgniter.php(927): App\Controllers\TaskController->create()
 3 SYSTEMPATH/CodeIgniter.php(482): CodeIgniter\CodeIgniter->runController()
 4 SYSTEMPATH/CodeIgniter.php(351): CodeIgniter\CodeIgniter->handleRequest()
 5 FCPATH/index.php(67): CodeIgniter\CodeIgniter->run()
 6 SYSTEMPATH/Commands/Server/rewrite.php(46): require_once('FCPATH/index.php')
CRITICAL - 2023-03-28 12:04:43 --> Call to a member function save() on null
in APPPATH/Entities/Logging.php on line 21.
 1 APPPATH/Controllers/TaskController.php(55): App\Entities\Logging->insertLog()
 2 SYSTEMPATH/CodeIgniter.php(927): App\Controllers\TaskController->create()
 3 SYSTEMPATH/CodeIgniter.php(482): CodeIgniter\CodeIgniter->runController()
 4 SYSTEMPATH/CodeIgniter.php(351): CodeIgniter\CodeIgniter->handleRequest()
 5 FCPATH/index.php(67): CodeIgniter\CodeIgniter->run()
 6 SYSTEMPATH/Commands/Server/rewrite.php(46): require_once('FCPATH/index.php')
CRITICAL - 2023-03-28 12:04:58 --> Call to a member function save() on null
in APPPATH/Entities/Logging.php on line 21.
 1 APPPATH/Controllers/TaskController.php(55): App\Entities\Logging->insertLog()
 2 SYSTEMPATH/CodeIgniter.php(927): App\Controllers\TaskController->create()
 3 SYSTEMPATH/CodeIgniter.php(482): CodeIgniter\CodeIgniter->runController()
 4 SYSTEMPATH/CodeIgniter.php(351): CodeIgniter\CodeIgniter->handleRequest()
 5 FCPATH/index.php(67): CodeIgniter\CodeIgniter->run()
 6 SYSTEMPATH/Commands/Server/rewrite.php(46): require_once('FCPATH/index.php')
CRITICAL - 2023-03-28 12:04:59 --> Call to a member function save() on null
in APPPATH/Entities/Logging.php on line 21.
 1 APPPATH/Controllers/TaskController.php(55): App\Entities\Logging->insertLog()
 2 SYSTEMPATH/CodeIgniter.php(927): App\Controllers\TaskController->create()
 3 SYSTEMPATH/CodeIgniter.php(482): CodeIgniter\CodeIgniter->runController()
 4 SYSTEMPATH/CodeIgniter.php(351): CodeIgniter\CodeIgniter->handleRequest()
 5 FCPATH/index.php(67): CodeIgniter\CodeIgniter->run()
 6 SYSTEMPATH/Commands/Server/rewrite.php(46): require_once('FCPATH/index.php')
CRITICAL - 2023-03-28 12:05:00 --> Call to a member function save() on null
in APPPATH/Entities/Logging.php on line 21.
 1 APPPATH/Controllers/TaskController.php(55): App\Entities\Logging->insertLog()
 2 SYSTEMPATH/CodeIgniter.php(927): App\Controllers\TaskController->create()
 3 SYSTEMPATH/CodeIgniter.php(482): CodeIgniter\CodeIgniter->runController()
 4 SYSTEMPATH/CodeIgniter.php(351): CodeIgniter\CodeIgniter->handleRequest()
 5 FCPATH/index.php(67): CodeIgniter\CodeIgniter->run()
 6 SYSTEMPATH/Commands/Server/rewrite.php(46): require_once('FCPATH/index.php')
CRITICAL - 2023-03-28 12:05:00 --> Call to a member function save() on null
in APPPATH/Entities/Logging.php on line 21.
 1 APPPATH/Controllers/TaskController.php(55): App\Entities\Logging->insertLog()
 2 SYSTEMPATH/CodeIgniter.php(927): App\Controllers\TaskController->create()
 3 SYSTEMPATH/CodeIgniter.php(482): CodeIgniter\CodeIgniter->runController()
 4 SYSTEMPATH/CodeIgniter.php(351): CodeIgniter\CodeIgniter->handleRequest()
 5 FCPATH/index.php(67): CodeIgniter\CodeIgniter->run()
 6 SYSTEMPATH/Commands/Server/rewrite.php(46): require_once('FCPATH/index.php')
CRITICAL - 2023-03-28 12:05:00 --> Call to a member function save() on null
in APPPATH/Entities/Logging.php on line 21.
 1 APPPATH/Controllers/TaskController.php(55): App\Entities\Logging->insertLog()
 2 SYSTEMPATH/CodeIgniter.php(927): App\Controllers\TaskController->create()
 3 SYSTEMPATH/CodeIgniter.php(482): CodeIgniter\CodeIgniter->runController()
 4 SYSTEMPATH/CodeIgniter.php(351): CodeIgniter\CodeIgniter->handleRequest()
 5 FCPATH/index.php(67): CodeIgniter\CodeIgniter->run()
 6 SYSTEMPATH/Commands/Server/rewrite.php(46): require_once('FCPATH/index.php')
CRITICAL - 2023-03-28 12:05:01 --> Call to a member function save() on null
in APPPATH/Entities/Logging.php on line 21.
 1 APPPATH/Controllers/TaskController.php(55): App\Entities\Logging->insertLog()
 2 SYSTEMPATH/CodeIgniter.php(927): App\Controllers\TaskController->create()
 3 SYSTEMPATH/CodeIgniter.php(482): CodeIgniter\CodeIgniter->runController()
 4 SYSTEMPATH/CodeIgniter.php(351): CodeIgniter\CodeIgniter->handleRequest()
 5 FCPATH/index.php(67): CodeIgniter\CodeIgniter->run()
 6 SYSTEMPATH/Commands/Server/rewrite.php(46): require_once('FCPATH/index.php')
CRITICAL - 2023-03-28 12:05:01 --> Call to a member function save() on null
in APPPATH/Entities/Logging.php on line 21.
 1 APPPATH/Controllers/TaskController.php(55): App\Entities\Logging->insertLog()
 2 SYSTEMPATH/CodeIgniter.php(927): App\Controllers\TaskController->create()
 3 SYSTEMPATH/CodeIgniter.php(482): CodeIgniter\CodeIgniter->runController()
 4 SYSTEMPATH/CodeIgniter.php(351): CodeIgniter\CodeIgniter->handleRequest()
 5 FCPATH/index.php(67): CodeIgniter\CodeIgniter->run()
 6 SYSTEMPATH/Commands/Server/rewrite.php(46): require_once('FCPATH/index.php')
CRITICAL - 2023-03-28 12:05:01 --> Call to a member function save() on null
in APPPATH/Entities/Logging.php on line 21.
 1 APPPATH/Controllers/TaskController.php(55): App\Entities\Logging->insertLog()
 2 SYSTEMPATH/CodeIgniter.php(927): App\Controllers\TaskController->create()
 3 SYSTEMPATH/CodeIgniter.php(482): CodeIgniter\CodeIgniter->runController()
 4 SYSTEMPATH/CodeIgniter.php(351): CodeIgniter\CodeIgniter->handleRequest()
 5 FCPATH/index.php(67): CodeIgniter\CodeIgniter->run()
 6 SYSTEMPATH/Commands/Server/rewrite.php(46): require_once('FCPATH/index.php')
CRITICAL - 2023-03-28 12:05:02 --> Call to a member function save() on null
in APPPATH/Entities/Logging.php on line 21.
 1 APPPATH/Controllers/TaskController.php(55): App\Entities\Logging->insertLog()
 2 SYSTEMPATH/CodeIgniter.php(927): App\Controllers\TaskController->create()
 3 SYSTEMPATH/CodeIgniter.php(482): CodeIgniter\CodeIgniter->runController()
 4 SYSTEMPATH/CodeIgniter.php(351): CodeIgniter\CodeIgniter->handleRequest()
 5 FCPATH/index.php(67): CodeIgniter\CodeIgniter->run()
 6 SYSTEMPATH/Commands/Server/rewrite.php(46): require_once('FCPATH/index.php')
CRITICAL - 2023-03-28 12:05:02 --> Call to a member function save() on null
in APPPATH/Entities/Logging.php on line 21.
 1 APPPATH/Controllers/TaskController.php(55): App\Entities\Logging->insertLog()
 2 SYSTEMPATH/CodeIgniter.php(927): App\Controllers\TaskController->create()
 3 SYSTEMPATH/CodeIgniter.php(482): CodeIgniter\CodeIgniter->runController()
 4 SYSTEMPATH/CodeIgniter.php(351): CodeIgniter\CodeIgniter->handleRequest()
 5 FCPATH/index.php(67): CodeIgniter\CodeIgniter->run()
 6 SYSTEMPATH/Commands/Server/rewrite.php(46): require_once('FCPATH/index.php')
CRITICAL - 2023-03-28 12:05:02 --> Call to a member function save() on null
in APPPATH/Entities/Logging.php on line 21.
 1 APPPATH/Controllers/TaskController.php(55): App\Entities\Logging->insertLog()
 2 SYSTEMPATH/CodeIgniter.php(927): App\Controllers\TaskController->create()
 3 SYSTEMPATH/CodeIgniter.php(482): CodeIgniter\CodeIgniter->runController()
 4 SYSTEMPATH/CodeIgniter.php(351): CodeIgniter\CodeIgniter->handleRequest()
 5 FCPATH/index.php(67): CodeIgniter\CodeIgniter->run()
 6 SYSTEMPATH/Commands/Server/rewrite.php(46): require_once('FCPATH/index.php')
CRITICAL - 2023-03-28 12:05:02 --> Call to a member function save() on null
in APPPATH/Entities/Logging.php on line 21.
 1 APPPATH/Controllers/TaskController.php(55): App\Entities\Logging->insertLog()
 2 SYSTEMPATH/CodeIgniter.php(927): App\Controllers\TaskController->create()
 3 SYSTEMPATH/CodeIgniter.php(482): CodeIgniter\CodeIgniter->runController()
 4 SYSTEMPATH/CodeIgniter.php(351): CodeIgniter\CodeIgniter->handleRequest()
 5 FCPATH/index.php(67): CodeIgniter\CodeIgniter->run()
 6 SYSTEMPATH/Commands/Server/rewrite.php(46): require_once('FCPATH/index.php')
CRITICAL - 2023-03-28 12:05:02 --> Call to a member function save() on null
in APPPATH/Entities/Logging.php on line 21.
 1 APPPATH/Controllers/TaskController.php(55): App\Entities\Logging->insertLog()
 2 SYSTEMPATH/CodeIgniter.php(927): App\Controllers\TaskController->create()
 3 SYSTEMPATH/CodeIgniter.php(482): CodeIgniter\CodeIgniter->runController()
 4 SYSTEMPATH/CodeIgniter.php(351): CodeIgniter\CodeIgniter->handleRequest()
 5 FCPATH/index.php(67): CodeIgniter\CodeIgniter->run()
 6 SYSTEMPATH/Commands/Server/rewrite.php(46): require_once('FCPATH/index.php')
CRITICAL - 2023-03-28 12:05:03 --> Call to a member function save() on null
in APPPATH/Entities/Logging.php on line 21.
 1 APPPATH/Controllers/TaskController.php(55): App\Entities\Logging->insertLog()
 2 SYSTEMPATH/CodeIgniter.php(927): App\Controllers\TaskController->create()
 3 SYSTEMPATH/CodeIgniter.php(482): CodeIgniter\CodeIgniter->runController()
 4 SYSTEMPATH/CodeIgniter.php(351): CodeIgniter\CodeIgniter->handleRequest()
 5 FCPATH/index.php(67): CodeIgniter\CodeIgniter->run()
 6 SYSTEMPATH/Commands/Server/rewrite.php(46): require_once('FCPATH/index.php')
CRITICAL - 2023-03-28 12:05:03 --> Call to a member function save() on null
in APPPATH/Entities/Logging.php on line 21.
 1 APPPATH/Controllers/TaskController.php(55): App\Entities\Logging->insertLog()
 2 SYSTEMPATH/CodeIgniter.php(927): App\Controllers\TaskController->create()
 3 SYSTEMPATH/CodeIgniter.php(482): CodeIgniter\CodeIgniter->runController()
 4 SYSTEMPATH/CodeIgniter.php(351): CodeIgniter\CodeIgniter->handleRequest()
 5 FCPATH/index.php(67): CodeIgniter\CodeIgniter->run()
 6 SYSTEMPATH/Commands/Server/rewrite.php(46): require_once('FCPATH/index.php')
CRITICAL - 2023-03-28 12:05:03 --> Call to a member function save() on null
in APPPATH/Entities/Logging.php on line 21.
 1 APPPATH/Controllers/TaskController.php(55): App\Entities\Logging->insertLog()
 2 SYSTEMPATH/CodeIgniter.php(927): App\Controllers\TaskController->create()
 3 SYSTEMPATH/CodeIgniter.php(482): CodeIgniter\CodeIgniter->runController()
 4 SYSTEMPATH/CodeIgniter.php(351): CodeIgniter\CodeIgniter->handleRequest()
 5 FCPATH/index.php(67): CodeIgniter\CodeIgniter->run()
 6 SYSTEMPATH/Commands/Server/rewrite.php(46): require_once('FCPATH/index.php')
CRITICAL - 2023-03-28 12:05:03 --> Call to a member function save() on null
in APPPATH/Entities/Logging.php on line 21.
 1 APPPATH/Controllers/TaskController.php(55): App\Entities\Logging->insertLog()
 2 SYSTEMPATH/CodeIgniter.php(927): App\Controllers\TaskController->create()
 3 SYSTEMPATH/CodeIgniter.php(482): CodeIgniter\CodeIgniter->runController()
 4 SYSTEMPATH/CodeIgniter.php(351): CodeIgniter\CodeIgniter->handleRequest()
 5 FCPATH/index.php(67): CodeIgniter\CodeIgniter->run()
 6 SYSTEMPATH/Commands/Server/rewrite.php(46): require_once('FCPATH/index.php')
CRITICAL - 2023-03-28 12:05:03 --> Call to a member function save() on null
in APPPATH/Entities/Logging.php on line 21.
 1 APPPATH/Controllers/TaskController.php(55): App\Entities\Logging->insertLog()
 2 SYSTEMPATH/CodeIgniter.php(927): App\Controllers\TaskController->create()
 3 SYSTEMPATH/CodeIgniter.php(482): CodeIgniter\CodeIgniter->runController()
 4 SYSTEMPATH/CodeIgniter.php(351): CodeIgniter\CodeIgniter->handleRequest()
 5 FCPATH/index.php(67): CodeIgniter\CodeIgniter->run()
 6 SYSTEMPATH/Commands/Server/rewrite.php(46): require_once('FCPATH/index.php')
INFO - 2023-03-28 12:09:51 --> Session: Class initialized using 'CodeIgniter\Session\Handlers\FileHandler' driver.
INFO - 2023-03-28 12:10:02 --> Session: Class initialized using 'CodeIgniter\Session\Handlers\FileHandler' driver.
CRITICAL - 2023-03-28 12:14:22 --> Call to undefined function App\Entities\now()
in APPPATH/Entities/Logging.php on line 15.
 1 APPPATH/Controllers/TaskController.php(56): App\Entities\Logging->insertLog()
 2 SYSTEMPATH/CodeIgniter.php(927): App\Controllers\TaskController->create()
 3 SYSTEMPATH/CodeIgniter.php(482): CodeIgniter\CodeIgniter->runController()
 4 SYSTEMPATH/CodeIgniter.php(351): CodeIgniter\CodeIgniter->handleRequest()
 5 FCPATH/index.php(67): CodeIgniter\CodeIgniter->run()
 6 SYSTEMPATH/Commands/Server/rewrite.php(46): require_once('FCPATH/index.php')
ERROR - 2023-03-28 12:22:13 --> mysqli_sql_exception: Unknown column 'created_at' in 'field list' in /var/www/tptodocodeigniter4/system/Database/MySQLi/Connection.php:292
Stack trace:
#0 /var/www/tptodocodeigniter4/system/Database/MySQLi/Connection.php(292): mysqli->query()
#1 /var/www/tptodocodeigniter4/system/Database/BaseConnection.php(666): CodeIgniter\Database\MySQLi\Connection->execute()
#2 /var/www/tptodocodeigniter4/system/Database/BaseConnection.php(593): CodeIgniter\Database\BaseConnection->simpleQuery()
#3 /var/www/tptodocodeigniter4/system/Database/BaseBuilder.php(1916): CodeIgniter\Database\BaseConnection->query()
#4 /var/www/tptodocodeigniter4/system/Model.php(279): CodeIgniter\Database\BaseBuilder->insert()
#5 /var/www/tptodocodeigniter4/system/BaseModel.php(749): CodeIgniter\Model->doInsert()
#6 /var/www/tptodocodeigniter4/system/Model.php(667): CodeIgniter\BaseModel->insert()
#7 /var/www/tptodocodeigniter4/system/BaseModel.php(659): CodeIgniter\Model->insert()
#8 /var/www/tptodocodeigniter4/app/Controllers/TaskController.php(57): CodeIgniter\BaseModel->save()
#9 /var/www/tptodocodeigniter4/system/CodeIgniter.php(927): App\Controllers\TaskController->create()
#10 /var/www/tptodocodeigniter4/system/CodeIgniter.php(482): CodeIgniter\CodeIgniter->runController()
#11 /var/www/tptodocodeigniter4/system/CodeIgniter.php(351): CodeIgniter\CodeIgniter->handleRequest()
#12 /var/www/tptodocodeigniter4/public/index.php(67): CodeIgniter\CodeIgniter->run()
#13 /var/www/tptodocodeigniter4/system/Commands/Server/rewrite.php(46): require_once('/var/www/tptodo...')
#14 {main}
CRITICAL - 2023-03-28 12:22:13 --> Unknown column 'created_at' in 'field list'
in SYSTEMPATH/Database/MySQLi/Connection.php on line 292.
 1 SYSTEMPATH/Database/MySQLi/Connection.php(292): mysqli->query()
 2 SYSTEMPATH/Database/BaseConnection.php(666): CodeIgniter\Database\MySQLi\Connection->execute()
 3 SYSTEMPATH/Database/BaseConnection.php(593): CodeIgniter\Database\BaseConnection->simpleQuery()
 4 SYSTEMPATH/Database/BaseBuilder.php(1916): CodeIgniter\Database\BaseConnection->query()
 5 SYSTEMPATH/Model.php(279): CodeIgniter\Database\BaseBuilder->insert()
 6 SYSTEMPATH/BaseModel.php(749): CodeIgniter\Model->doInsert()
 7 SYSTEMPATH/Model.php(667): CodeIgniter\BaseModel->insert()
 8 SYSTEMPATH/BaseModel.php(659): CodeIgniter\Model->insert()
 9 APPPATH/Controllers/TaskController.php(57): CodeIgniter\BaseModel->save()
10 SYSTEMPATH/CodeIgniter.php(927): App\Controllers\TaskController->create()
11 SYSTEMPATH/CodeIgniter.php(482): CodeIgniter\CodeIgniter->runController()
12 SYSTEMPATH/CodeIgniter.php(351): CodeIgniter\CodeIgniter->handleRequest()
13 FCPATH/index.php(67): CodeIgniter\CodeIgniter->run()
14 SYSTEMPATH/Commands/Server/rewrite.php(46): require_once('FCPATH/index.php')
ERROR - 2023-03-28 12:22:41 --> mysqli_sql_exception: Unknown column 'created_at' in 'field list' in /var/www/tptodocodeigniter4/system/Database/MySQLi/Connection.php:292
Stack trace:
#0 /var/www/tptodocodeigniter4/system/Database/MySQLi/Connection.php(292): mysqli->query()
#1 /var/www/tptodocodeigniter4/system/Database/BaseConnection.php(666): CodeIgniter\Database\MySQLi\Connection->execute()
#2 /var/www/tptodocodeigniter4/system/Database/BaseConnection.php(593): CodeIgniter\Database\BaseConnection->simpleQuery()
#3 /var/www/tptodocodeigniter4/system/Database/BaseBuilder.php(1916): CodeIgniter\Database\BaseConnection->query()
#4 /var/www/tptodocodeigniter4/system/Model.php(279): CodeIgniter\Database\BaseBuilder->insert()
#5 /var/www/tptodocodeigniter4/system/BaseModel.php(749): CodeIgniter\Model->doInsert()
#6 /var/www/tptodocodeigniter4/system/Model.php(667): CodeIgniter\BaseModel->insert()
#7 /var/www/tptodocodeigniter4/system/BaseModel.php(659): CodeIgniter\Model->insert()
#8 /var/www/tptodocodeigniter4/app/Controllers/TaskController.php(57): CodeIgniter\BaseModel->save()
#9 /var/www/tptodocodeigniter4/system/CodeIgniter.php(927): App\Controllers\TaskController->create()
#10 /var/www/tptodocodeigniter4/system/CodeIgniter.php(482): CodeIgniter\CodeIgniter->runController()
#11 /var/www/tptodocodeigniter4/system/CodeIgniter.php(351): CodeIgniter\CodeIgniter->handleRequest()
#12 /var/www/tptodocodeigniter4/public/index.php(67): CodeIgniter\CodeIgniter->run()
#13 /var/www/tptodocodeigniter4/system/Commands/Server/rewrite.php(46): require_once('/var/www/tptodo...')
#14 {main}
CRITICAL - 2023-03-28 12:22:41 --> Unknown column 'created_at' in 'field list'
in SYSTEMPATH/Database/MySQLi/Connection.php on line 292.
 1 SYSTEMPATH/Database/MySQLi/Connection.php(292): mysqli->query()
 2 SYSTEMPATH/Database/BaseConnection.php(666): CodeIgniter\Database\MySQLi\Connection->execute()
 3 SYSTEMPATH/Database/BaseConnection.php(593): CodeIgniter\Database\BaseConnection->simpleQuery()
 4 SYSTEMPATH/Database/BaseBuilder.php(1916): CodeIgniter\Database\BaseConnection->query()
 5 SYSTEMPATH/Model.php(279): CodeIgniter\Database\BaseBuilder->insert()
 6 SYSTEMPATH/BaseModel.php(749): CodeIgniter\Model->doInsert()
 7 SYSTEMPATH/Model.php(667): CodeIgniter\BaseModel->insert()
 8 SYSTEMPATH/BaseModel.php(659): CodeIgniter\Model->insert()
 9 APPPATH/Controllers/TaskController.php(57): CodeIgniter\BaseModel->save()
10 SYSTEMPATH/CodeIgniter.php(927): App\Controllers\TaskController->create()
11 SYSTEMPATH/CodeIgniter.php(482): CodeIgniter\CodeIgniter->runController()
12 SYSTEMPATH/CodeIgniter.php(351): CodeIgniter\CodeIgniter->handleRequest()
13 FCPATH/index.php(67): CodeIgniter\CodeIgniter->run()
14 SYSTEMPATH/Commands/Server/rewrite.php(46): require_once('FCPATH/index.php')
ERROR - 2023-03-28 12:22:46 --> mysqli_sql_exception: Unknown column 'created_at' in 'field list' in /var/www/tptodocodeigniter4/system/Database/MySQLi/Connection.php:292
Stack trace:
#0 /var/www/tptodocodeigniter4/system/Database/MySQLi/Connection.php(292): mysqli->query()
#1 /var/www/tptodocodeigniter4/system/Database/BaseConnection.php(666): CodeIgniter\Database\MySQLi\Connection->execute()
#2 /var/www/tptodocodeigniter4/system/Database/BaseConnection.php(593): CodeIgniter\Database\BaseConnection->simpleQuery()
#3 /var/www/tptodocodeigniter4/system/Database/BaseBuilder.php(1916): CodeIgniter\Database\BaseConnection->query()
#4 /var/www/tptodocodeigniter4/system/Model.php(279): CodeIgniter\Database\BaseBuilder->insert()
#5 /var/www/tptodocodeigniter4/system/BaseModel.php(749): CodeIgniter\Model->doInsert()
#6 /var/www/tptodocodeigniter4/system/Model.php(667): CodeIgniter\BaseModel->insert()
#7 /var/www/tptodocodeigniter4/system/BaseModel.php(659): CodeIgniter\Model->insert()
#8 /var/www/tptodocodeigniter4/app/Controllers/TaskController.php(57): CodeIgniter\BaseModel->save()
#9 /var/www/tptodocodeigniter4/system/CodeIgniter.php(927): App\Controllers\TaskController->create()
#10 /var/www/tptodocodeigniter4/system/CodeIgniter.php(482): CodeIgniter\CodeIgniter->runController()
#11 /var/www/tptodocodeigniter4/system/CodeIgniter.php(351): CodeIgniter\CodeIgniter->handleRequest()
#12 /var/www/tptodocodeigniter4/public/index.php(67): CodeIgniter\CodeIgniter->run()
#13 /var/www/tptodocodeigniter4/system/Commands/Server/rewrite.php(46): require_once('/var/www/tptodo...')
#14 {main}
CRITICAL - 2023-03-28 12:22:46 --> Unknown column 'created_at' in 'field list'
in SYSTEMPATH/Database/MySQLi/Connection.php on line 292.
 1 SYSTEMPATH/Database/MySQLi/Connection.php(292): mysqli->query()
 2 SYSTEMPATH/Database/BaseConnection.php(666): CodeIgniter\Database\MySQLi\Connection->execute()
 3 SYSTEMPATH/Database/BaseConnection.php(593): CodeIgniter\Database\BaseConnection->simpleQuery()
 4 SYSTEMPATH/Database/BaseBuilder.php(1916): CodeIgniter\Database\BaseConnection->query()
 5 SYSTEMPATH/Model.php(279): CodeIgniter\Database\BaseBuilder->insert()
 6 SYSTEMPATH/BaseModel.php(749): CodeIgniter\Model->doInsert()
 7 SYSTEMPATH/Model.php(667): CodeIgniter\BaseModel->insert()
 8 SYSTEMPATH/BaseModel.php(659): CodeIgniter\Model->insert()
 9 APPPATH/Controllers/TaskController.php(57): CodeIgniter\BaseModel->save()
10 SYSTEMPATH/CodeIgniter.php(927): App\Controllers\TaskController->create()
11 SYSTEMPATH/CodeIgniter.php(482): CodeIgniter\CodeIgniter->runController()
12 SYSTEMPATH/CodeIgniter.php(351): CodeIgniter\CodeIgniter->handleRequest()
13 FCPATH/index.php(67): CodeIgniter\CodeIgniter->run()
14 SYSTEMPATH/Commands/Server/rewrite.php(46): require_once('FCPATH/index.php')
INFO - 2023-03-28 12:22:53 --> Session: Class initialized using 'CodeIgniter\Session\Handlers\FileHandler' driver.
ERROR - 2023-03-28 12:23:06 --> mysqli_sql_exception: Unknown column 'created_at' in 'field list' in /var/www/tptodocodeigniter4/system/Database/MySQLi/Connection.php:292
Stack trace:
#0 /var/www/tptodocodeigniter4/system/Database/MySQLi/Connection.php(292): mysqli->query()
#1 /var/www/tptodocodeigniter4/system/Database/BaseConnection.php(666): CodeIgniter\Database\MySQLi\Connection->execute()
#2 /var/www/tptodocodeigniter4/system/Database/BaseConnection.php(593): CodeIgniter\Database\BaseConnection->simpleQuery()
#3 /var/www/tptodocodeigniter4/system/Database/BaseBuilder.php(1916): CodeIgniter\Database\BaseConnection->query()
#4 /var/www/tptodocodeigniter4/system/Model.php(279): CodeIgniter\Database\BaseBuilder->insert()
#5 /var/www/tptodocodeigniter4/system/BaseModel.php(749): CodeIgniter\Model->doInsert()
#6 /var/www/tptodocodeigniter4/system/Model.php(667): CodeIgniter\BaseModel->insert()
#7 /var/www/tptodocodeigniter4/system/BaseModel.php(659): CodeIgniter\Model->insert()
#8 /var/www/tptodocodeigniter4/app/Controllers/TaskController.php(57): CodeIgniter\BaseModel->save()
#9 /var/www/tptodocodeigniter4/system/CodeIgniter.php(927): App\Controllers\TaskController->create()
#10 /var/www/tptodocodeigniter4/system/CodeIgniter.php(482): CodeIgniter\CodeIgniter->runController()
#11 /var/www/tptodocodeigniter4/system/CodeIgniter.php(351): CodeIgniter\CodeIgniter->handleRequest()
#12 /var/www/tptodocodeigniter4/public/index.php(67): CodeIgniter\CodeIgniter->run()
#13 /var/www/tptodocodeigniter4/system/Commands/Server/rewrite.php(46): require_once('/var/www/tptodo...')
#14 {main}
CRITICAL - 2023-03-28 12:23:06 --> Unknown column 'created_at' in 'field list'
in SYSTEMPATH/Database/MySQLi/Connection.php on line 292.
 1 SYSTEMPATH/Database/MySQLi/Connection.php(292): mysqli->query()
 2 SYSTEMPATH/Database/BaseConnection.php(666): CodeIgniter\Database\MySQLi\Connection->execute()
 3 SYSTEMPATH/Database/BaseConnection.php(593): CodeIgniter\Database\BaseConnection->simpleQuery()
 4 SYSTEMPATH/Database/BaseBuilder.php(1916): CodeIgniter\Database\BaseConnection->query()
 5 SYSTEMPATH/Model.php(279): CodeIgniter\Database\BaseBuilder->insert()
 6 SYSTEMPATH/BaseModel.php(749): CodeIgniter\Model->doInsert()
 7 SYSTEMPATH/Model.php(667): CodeIgniter\BaseModel->insert()
 8 SYSTEMPATH/BaseModel.php(659): CodeIgniter\Model->insert()
 9 APPPATH/Controllers/TaskController.php(57): CodeIgniter\BaseModel->save()
10 SYSTEMPATH/CodeIgniter.php(927): App\Controllers\TaskController->create()
11 SYSTEMPATH/CodeIgniter.php(482): CodeIgniter\CodeIgniter->runController()
12 SYSTEMPATH/CodeIgniter.php(351): CodeIgniter\CodeIgniter->handleRequest()
13 FCPATH/index.php(67): CodeIgniter\CodeIgniter->run()
14 SYSTEMPATH/Commands/Server/rewrite.php(46): require_once('FCPATH/index.php')
INFO - 2023-03-28 12:23:13 --> Session: Class initialized using 'CodeIgniter\Session\Handlers\FileHandler' driver.
INFO - 2023-03-28 12:23:17 --> Session: Class initialized using 'CodeIgniter\Session\Handlers\FileHandler' driver.
INFO - 2023-03-28 12:29:16 --> Session: Class initialized using 'CodeIgniter\Session\Handlers\FileHandler' driver.
INFO - 2023-03-28 12:29:23 --> Session: Class initialized using 'CodeIgniter\Session\Handlers\FileHandler' driver.
INFO - 2023-03-28 12:30:34 --> Session: Class initialized using 'CodeIgniter\Session\Handlers\FileHandler' driver.
INFO - 2023-03-28 12:30:40 --> Session: Class initialized using 'CodeIgniter\Session\Handlers\FileHandler' driver.
INFO - 2023-03-28 12:34:54 --> Session: Class initialized using 'CodeIgniter\Session\Handlers\FileHandler' driver.
INFO - 2023-03-28 12:34:59 --> Session: Class initialized using 'CodeIgniter\Session\Handlers\FileHandler' driver.
INFO - 2023-03-28 12:36:17 --> Session: Class initialized using 'CodeIgniter\Session\Handlers\FileHandler' driver.
INFO - 2023-03-28 12:36:24 --> Session: Class initialized using 'CodeIgniter\Session\Handlers\FileHandler' driver.
INFO - 2023-03-28 12:36:52 --> Session: Class initialized using 'CodeIgniter\Session\Handlers\FileHandler' driver.
INFO - 2023-03-28 12:36:58 --> Session: Class initialized using 'CodeIgniter\Session\Handlers\FileHandler' driver.
INFO - 2023-03-28 12:37:40 --> Session: Class initialized using 'CodeIgniter\Session\Handlers\FileHandler' driver.
INFO - 2023-03-28 12:37:47 --> Session: Class initialized using 'CodeIgniter\Session\Handlers\FileHandler' driver.
INFO - 2023-03-28 12:45:45 --> Session: Class initialized using 'CodeIgniter\Session\Handlers\FileHandler' driver.
INFO - 2023-03-28 12:45:54 --> Session: Class initialized using 'CodeIgniter\Session\Handlers\FileHandler' driver.
INFO - 2023-03-28 12:47:44 --> Session: Class initialized using 'CodeIgniter\Session\Handlers\FileHandler' driver.
