CRITICAL - 2022-11-24 13:29:52 --> Undefined property: Config\App::$indexPage
in SYSTEMPATH/Helpers/url_helper.php on line 51.
 1 SYSTEMPATH/Helpers/url_helper.php(51): CodeIgniter\Debug\Exceptions->errorHandler()
 2 SYSTEMPATH/Helpers/url_helper.php(132): _get_uri()
 3 SYSTEMPATH/CodeIgniter.php(535): current_url()
 4 SYSTEMPATH/CodeIgniter.php(347): CodeIgniter\CodeIgniter->handleRequest()
 5 SYSTEMPATH/CLI/Console.php(48): CodeIgniter\CodeIgniter->run()
 6 ROOTPATH/spark(98): CodeIgniter\CLI\Console->run()
CRITICAL - 2022-11-24 13:30:43 --> Undefined property: Config\App::$indexPage
in SYSTEMPATH/Helpers/url_helper.php on line 51.
 1 SYSTEMPATH/Helpers/url_helper.php(51): CodeIgniter\Debug\Exceptions->errorHandler()
 2 SYSTEMPATH/Helpers/url_helper.php(132): _get_uri()
 3 SYSTEMPATH/CodeIgniter.php(535): current_url()
 4 SYSTEMPATH/CodeIgniter.php(347): CodeIgniter\CodeIgniter->handleRequest()
 5 SYSTEMPATH/CLI/Console.php(48): CodeIgniter\CodeIgniter->run()
 6 ROOTPATH/spark(98): CodeIgniter\CLI\Console->run()
CRITICAL - 2022-11-24 13:40:48 --> Undefined property: Config\App::$indexPage
in SYSTEMPATH/Helpers/url_helper.php on line 51.
 1 SYSTEMPATH/Helpers/url_helper.php(51): CodeIgniter\Debug\Exceptions->errorHandler()
 2 SYSTEMPATH/Helpers/url_helper.php(132): _get_uri()
 3 SYSTEMPATH/CodeIgniter.php(535): current_url()
 4 SYSTEMPATH/CodeIgniter.php(347): CodeIgniter\CodeIgniter->handleRequest()
 5 SYSTEMPATH/CLI/Console.php(48): CodeIgniter\CodeIgniter->run()
 6 ROOTPATH/spark(98): CodeIgniter\CLI\Console->run()
CRITICAL - 2022-11-24 14:11:07 --> Fichier non valide : Task-index.php
in SYSTEMPATH/Exceptions/FrameworkException.php on line 33.
 1 SYSTEMPATH/View/View.php(201): CodeIgniter\Exceptions\FrameworkException::forInvalidFile()
 2 SYSTEMPATH/Common.php(1134): CodeIgniter\View\View->render()
 3 APPPATH/Controllers/TaskController.php(16): view()
 4 SYSTEMPATH/CodeIgniter.php(927): App\Controllers\TaskController->index()
 5 SYSTEMPATH/CodeIgniter.php(482): CodeIgniter\CodeIgniter->runController()
 6 SYSTEMPATH/CodeIgniter.php(351): CodeIgniter\CodeIgniter->handleRequest()
 7 FCPATH/index.php(67): CodeIgniter\CodeIgniter->run()
 8 SYSTEMPATH/Commands/Server/rewrite.php(46): require_once('FCPATH/index.php')
CRITICAL - 2022-11-24 14:12:15 --> Fichier non valide : Task-index.php
in SYSTEMPATH/Exceptions/FrameworkException.php on line 33.
 1 SYSTEMPATH/View/View.php(201): CodeIgniter\Exceptions\FrameworkException::forInvalidFile()
 2 SYSTEMPATH/Common.php(1134): CodeIgniter\View\View->render()
 3 APPPATH/Controllers/TaskController.php(16): view()
 4 SYSTEMPATH/CodeIgniter.php(927): App\Controllers\TaskController->index()
 5 SYSTEMPATH/CodeIgniter.php(482): CodeIgniter\CodeIgniter->runController()
 6 SYSTEMPATH/CodeIgniter.php(351): CodeIgniter\CodeIgniter->handleRequest()
 7 FCPATH/index.php(67): CodeIgniter\CodeIgniter->run()
 8 SYSTEMPATH/Commands/Server/rewrite.php(46): require_once('FCPATH/index.php')
CRITICAL - 2022-11-24 14:13:36 --> Fichier non valide : Task-index.php
in SYSTEMPATH/Exceptions/FrameworkException.php on line 33.
 1 SYSTEMPATH/View/View.php(201): CodeIgniter\Exceptions\FrameworkException::forInvalidFile()
 2 SYSTEMPATH/Common.php(1134): CodeIgniter\View\View->render()
 3 APPPATH/Controllers/TaskController.php(16): view()
 4 SYSTEMPATH/CodeIgniter.php(927): App\Controllers\TaskController->index()
 5 SYSTEMPATH/CodeIgniter.php(482): CodeIgniter\CodeIgniter->runController()
 6 SYSTEMPATH/CodeIgniter.php(351): CodeIgniter\CodeIgniter->handleRequest()
 7 FCPATH/index.php(67): CodeIgniter\CodeIgniter->run()
 8 SYSTEMPATH/Commands/Server/rewrite.php(46): require_once('FCPATH/index.php')
CRITICAL - 2022-11-24 14:13:38 --> Fichier non valide : Task-index.php
in SYSTEMPATH/Exceptions/FrameworkException.php on line 33.
 1 SYSTEMPATH/View/View.php(201): CodeIgniter\Exceptions\FrameworkException::forInvalidFile()
 2 SYSTEMPATH/Common.php(1134): CodeIgniter\View\View->render()
 3 APPPATH/Controllers/TaskController.php(16): view()
 4 SYSTEMPATH/CodeIgniter.php(927): App\Controllers\TaskController->index()
 5 SYSTEMPATH/CodeIgniter.php(482): CodeIgniter\CodeIgniter->runController()
 6 SYSTEMPATH/CodeIgniter.php(351): CodeIgniter\CodeIgniter->handleRequest()
 7 FCPATH/index.php(67): CodeIgniter\CodeIgniter->run()
 8 SYSTEMPATH/Commands/Server/rewrite.php(46): require_once('FCPATH/index.php')
CRITICAL - 2022-11-24 14:13:41 --> Fichier non valide : Task-index.php
in SYSTEMPATH/Exceptions/FrameworkException.php on line 33.
 1 SYSTEMPATH/View/View.php(201): CodeIgniter\Exceptions\FrameworkException::forInvalidFile()
 2 SYSTEMPATH/Common.php(1134): CodeIgniter\View\View->render()
 3 APPPATH/Controllers/TaskController.php(16): view()
 4 SYSTEMPATH/CodeIgniter.php(927): App\Controllers\TaskController->index()
 5 SYSTEMPATH/CodeIgniter.php(482): CodeIgniter\CodeIgniter->runController()
 6 SYSTEMPATH/CodeIgniter.php(351): CodeIgniter\CodeIgniter->handleRequest()
 7 FCPATH/index.php(67): CodeIgniter\CodeIgniter->run()
 8 SYSTEMPATH/Commands/Server/rewrite.php(46): require_once('FCPATH/index.php')
CRITICAL - 2022-11-24 14:18:59 --> Undefined property: Config\App::$indexPage
in SYSTEMPATH/Helpers/url_helper.php on line 51.
 1 SYSTEMPATH/Helpers/url_helper.php(51): CodeIgniter\Debug\Exceptions->errorHandler()
 2 SYSTEMPATH/Helpers/url_helper.php(132): _get_uri()
 3 SYSTEMPATH/CodeIgniter.php(535): current_url()
 4 SYSTEMPATH/CodeIgniter.php(347): CodeIgniter\CodeIgniter->handleRequest()
 5 SYSTEMPATH/CLI/Console.php(48): CodeIgniter\CodeIgniter->run()
 6 ROOTPATH/spark(98): CodeIgniter\CLI\Console->run()
CRITICAL - 2022-11-24 14:19:19 --> Fichier non valide : Task-index.php
in SYSTEMPATH/Exceptions/FrameworkException.php on line 33.
 1 SYSTEMPATH/View/View.php(201): CodeIgniter\Exceptions\FrameworkException::forInvalidFile()
 2 SYSTEMPATH/Common.php(1134): CodeIgniter\View\View->render()
 3 APPPATH/Controllers/TaskController.php(16): view()
 4 SYSTEMPATH/CodeIgniter.php(927): App\Controllers\TaskController->index()
 5 SYSTEMPATH/CodeIgniter.php(482): CodeIgniter\CodeIgniter->runController()
 6 SYSTEMPATH/CodeIgniter.php(351): CodeIgniter\CodeIgniter->handleRequest()
 7 FCPATH/index.php(67): CodeIgniter\CodeIgniter->run()
 8 SYSTEMPATH/Commands/Server/rewrite.php(46): require_once('FCPATH/index.php')
CRITICAL - 2022-11-24 14:19:24 --> Fichier non valide : Task-index.php
in SYSTEMPATH/Exceptions/FrameworkException.php on line 33.
 1 SYSTEMPATH/View/View.php(201): CodeIgniter\Exceptions\FrameworkException::forInvalidFile()
 2 SYSTEMPATH/Common.php(1134): CodeIgniter\View\View->render()
 3 APPPATH/Controllers/TaskController.php(16): view()
 4 SYSTEMPATH/CodeIgniter.php(927): App\Controllers\TaskController->index()
 5 SYSTEMPATH/CodeIgniter.php(482): CodeIgniter\CodeIgniter->runController()
 6 SYSTEMPATH/CodeIgniter.php(351): CodeIgniter\CodeIgniter->handleRequest()
 7 FCPATH/index.php(67): CodeIgniter\CodeIgniter->run()
 8 SYSTEMPATH/Commands/Server/rewrite.php(46): require_once('FCPATH/index.php')
CRITICAL - 2022-11-24 14:19:25 --> Fichier non valide : Task-index.php
in SYSTEMPATH/Exceptions/FrameworkException.php on line 33.
 1 SYSTEMPATH/View/View.php(201): CodeIgniter\Exceptions\FrameworkException::forInvalidFile()
 2 SYSTEMPATH/Common.php(1134): CodeIgniter\View\View->render()
 3 APPPATH/Controllers/TaskController.php(16): view()
 4 SYSTEMPATH/CodeIgniter.php(927): App\Controllers\TaskController->index()
 5 SYSTEMPATH/CodeIgniter.php(482): CodeIgniter\CodeIgniter->runController()
 6 SYSTEMPATH/CodeIgniter.php(351): CodeIgniter\CodeIgniter->handleRequest()
 7 FCPATH/index.php(67): CodeIgniter\CodeIgniter->run()
 8 SYSTEMPATH/Commands/Server/rewrite.php(46): require_once('FCPATH/index.php')
CRITICAL - 2022-11-24 14:19:39 --> Fichier non valide : Task-index.php
in SYSTEMPATH/Exceptions/FrameworkException.php on line 33.
 1 SYSTEMPATH/View/View.php(201): CodeIgniter\Exceptions\FrameworkException::forInvalidFile()
 2 SYSTEMPATH/Common.php(1134): CodeIgniter\View\View->render()
 3 APPPATH/Controllers/TaskController.php(16): view()
 4 SYSTEMPATH/CodeIgniter.php(927): App\Controllers\TaskController->index()
 5 SYSTEMPATH/CodeIgniter.php(482): CodeIgniter\CodeIgniter->runController()
 6 SYSTEMPATH/CodeIgniter.php(351): CodeIgniter\CodeIgniter->handleRequest()
 7 FCPATH/index.php(67): CodeIgniter\CodeIgniter->run()
 8 SYSTEMPATH/Commands/Server/rewrite.php(46): require_once('FCPATH/index.php')
CRITICAL - 2022-11-24 14:20:35 --> Fichier non valide : Task-index.php
in SYSTEMPATH/Exceptions/FrameworkException.php on line 33.
 1 SYSTEMPATH/View/View.php(201): CodeIgniter\Exceptions\FrameworkException::forInvalidFile()
 2 SYSTEMPATH/Common.php(1134): CodeIgniter\View\View->render()
 3 APPPATH/Controllers/TaskController.php(16): view()
 4 SYSTEMPATH/CodeIgniter.php(927): App\Controllers\TaskController->index()
 5 SYSTEMPATH/CodeIgniter.php(482): CodeIgniter\CodeIgniter->runController()
 6 SYSTEMPATH/CodeIgniter.php(351): CodeIgniter\CodeIgniter->handleRequest()
 7 FCPATH/index.php(67): CodeIgniter\CodeIgniter->run()
 8 SYSTEMPATH/Commands/Server/rewrite.php(46): require_once('FCPATH/index.php')
CRITICAL - 2022-11-24 14:23:49 --> Fichier non valide : Task-index.php
in SYSTEMPATH/Exceptions/FrameworkException.php on line 33.
 1 SYSTEMPATH/View/View.php(201): CodeIgniter\Exceptions\FrameworkException::forInvalidFile()
 2 SYSTEMPATH/Common.php(1134): CodeIgniter\View\View->render()
 3 APPPATH/Controllers/TaskController.php(16): view()
 4 SYSTEMPATH/CodeIgniter.php(927): App\Controllers\TaskController->index()
 5 SYSTEMPATH/CodeIgniter.php(482): CodeIgniter\CodeIgniter->runController()
 6 SYSTEMPATH/CodeIgniter.php(351): CodeIgniter\CodeIgniter->handleRequest()
 7 FCPATH/index.php(67): CodeIgniter\CodeIgniter->run()
 8 SYSTEMPATH/Commands/Server/rewrite.php(46): require_once('FCPATH/index.php')
CRITICAL - 2022-11-24 14:32:06 --> Fichier non valide : Task-index.php
in SYSTEMPATH/Exceptions/FrameworkException.php on line 33.
 1 SYSTEMPATH/View/View.php(201): CodeIgniter\Exceptions\FrameworkException::forInvalidFile()
 2 SYSTEMPATH/Common.php(1134): CodeIgniter\View\View->render()
 3 APPPATH/Controllers/TaskController.php(16): view()
 4 SYSTEMPATH/CodeIgniter.php(927): App\Controllers\TaskController->index()
 5 SYSTEMPATH/CodeIgniter.php(482): CodeIgniter\CodeIgniter->runController()
 6 SYSTEMPATH/CodeIgniter.php(351): CodeIgniter\CodeIgniter->handleRequest()
 7 FCPATH/index.php(67): CodeIgniter\CodeIgniter->run()
 8 SYSTEMPATH/Commands/Server/rewrite.php(46): require_once('FCPATH/index.php')
CRITICAL - 2022-11-24 14:32:45 --> Fichier non valide : Task-index.php
in SYSTEMPATH/Exceptions/FrameworkException.php on line 33.
 1 SYSTEMPATH/View/View.php(201): CodeIgniter\Exceptions\FrameworkException::forInvalidFile()
 2 SYSTEMPATH/Common.php(1134): CodeIgniter\View\View->render()
 3 APPPATH/Controllers/TaskController.php(16): view()
 4 SYSTEMPATH/CodeIgniter.php(927): App\Controllers\TaskController->index()
 5 SYSTEMPATH/CodeIgniter.php(482): CodeIgniter\CodeIgniter->runController()
 6 SYSTEMPATH/CodeIgniter.php(351): CodeIgniter\CodeIgniter->handleRequest()
 7 FCPATH/index.php(67): CodeIgniter\CodeIgniter->run()
 8 SYSTEMPATH/Commands/Server/rewrite.php(46): require_once('FCPATH/index.php')
CRITICAL - 2022-11-24 14:35:46 --> Fichier non valide : Task-index.php
in SYSTEMPATH/Exceptions/FrameworkException.php on line 33.
 1 SYSTEMPATH/View/View.php(201): CodeIgniter\Exceptions\FrameworkException::forInvalidFile()
 2 SYSTEMPATH/Common.php(1134): CodeIgniter\View\View->render()
 3 APPPATH/Controllers/TaskController.php(16): view()
 4 SYSTEMPATH/CodeIgniter.php(927): App\Controllers\TaskController->index()
 5 SYSTEMPATH/CodeIgniter.php(482): CodeIgniter\CodeIgniter->runController()
 6 SYSTEMPATH/CodeIgniter.php(351): CodeIgniter\CodeIgniter->handleRequest()
 7 FCPATH/index.php(67): CodeIgniter\CodeIgniter->run()
 8 SYSTEMPATH/Commands/Server/rewrite.php(46): require_once('FCPATH/index.php')
CRITICAL - 2022-11-24 14:37:07 --> Undefined property: Config\App::$indexPage
in SYSTEMPATH/Helpers/url_helper.php on line 51.
 1 SYSTEMPATH/Helpers/url_helper.php(51): CodeIgniter\Debug\Exceptions->errorHandler()
 2 SYSTEMPATH/Helpers/url_helper.php(132): _get_uri()
 3 SYSTEMPATH/Debug/Toolbar.php(81): current_url()
 4 SYSTEMPATH/Debug/Toolbar.php(374): CodeIgniter\Debug\Toolbar->run()
 5 SYSTEMPATH/Filters/DebugToolbar.php(40): CodeIgniter\Debug\Toolbar->prepare()
 6 SYSTEMPATH/Filters/Filters.php(196): CodeIgniter\Filters\DebugToolbar->after()
 7 SYSTEMPATH/CodeIgniter.php(502): CodeIgniter\Filters\Filters->run()
 8 SYSTEMPATH/CodeIgniter.php(351): CodeIgniter\CodeIgniter->handleRequest()
 9 FCPATH/index.php(67): CodeIgniter\CodeIgniter->run()
10 SYSTEMPATH/Commands/Server/rewrite.php(46): require_once('FCPATH/index.php')
ERROR - 2022-11-24 15:49:06 --> Error connecting to the database: mysqli_sql_exception: Access denied for user ''@'localhost' (using password: NO) in /var/www/todo/system/Database/MySQLi/Connection.php:171
Stack trace:
#0 /var/www/todo/system/Database/MySQLi/Connection.php(171): mysqli->real_connect()
#1 /var/www/todo/system/Database/BaseConnection.php(382): CodeIgniter\Database\MySQLi\Connection->connect()
#2 /var/www/todo/system/Database/BaseConnection.php(561): CodeIgniter\Database\BaseConnection->initialize()
#3 /var/www/todo/system/Database/BaseConnection.php(1360): CodeIgniter\Database\BaseConnection->query()
#4 /var/www/todo/system/Database/BaseConnection.php(1394): CodeIgniter\Database\BaseConnection->listTables()
#5 /var/www/todo/system/Database/MigrationRunner.php(759): CodeIgniter\Database\BaseConnection->tableExists()
#6 /var/www/todo/system/Database/MigrationRunner.php(167): CodeIgniter\Database\MigrationRunner->ensureTable()
#7 /var/www/todo/system/Commands/Database/Migrate.php(84): CodeIgniter\Database\MigrationRunner->latest()
#8 /var/www/todo/system/CLI/Commands.php(63): CodeIgniter\Commands\Database\Migrate->run()
#9 /var/www/todo/system/CLI/CommandRunner.php(65): CodeIgniter\CLI\Commands->run()
#10 /var/www/todo/system/CLI/CommandRunner.php(51): CodeIgniter\CLI\CommandRunner->index()
#11 /var/www/todo/system/CodeIgniter.php(920): CodeIgniter\CLI\CommandRunner->_remap()
#12 /var/www/todo/system/CodeIgniter.php(482): CodeIgniter\CodeIgniter->runController()
#13 /var/www/todo/system/CodeIgniter.php(347): CodeIgniter\CodeIgniter->handleRequest()
#14 /var/www/todo/system/CLI/Console.php(48): CodeIgniter\CodeIgniter->run()
#15 /var/www/todo/spark(98): CodeIgniter\CLI\Console->run()
#16 {main}

Next CodeIgniter\Database\Exceptions\DatabaseException: Access denied for user ''@'localhost' (using password: NO) in /var/www/todo/system/Database/MySQLi/Connection.php:215
Stack trace:
#0 /var/www/todo/system/Database/BaseConnection.php(382): CodeIgniter\Database\MySQLi\Connection->connect()
#1 /var/www/todo/system/Database/BaseConnection.php(561): CodeIgniter\Database\BaseConnection->initialize()
#2 /var/www/todo/system/Database/BaseConnection.php(1360): CodeIgniter\Database\BaseConnection->query()
#3 /var/www/todo/system/Database/BaseConnection.php(1394): CodeIgniter\Database\BaseConnection->listTables()
#4 /var/www/todo/system/Database/MigrationRunner.php(759): CodeIgniter\Database\BaseConnection->tableExists()
#5 /var/www/todo/system/Database/MigrationRunner.php(167): CodeIgniter\Database\MigrationRunner->ensureTable()
#6 /var/www/todo/system/Commands/Database/Migrate.php(84): CodeIgniter\Database\MigrationRunner->latest()
#7 /var/www/todo/system/CLI/Commands.php(63): CodeIgniter\Commands\Database\Migrate->run()
#8 /var/www/todo/system/CLI/CommandRunner.php(65): CodeIgniter\CLI\Commands->run()
#9 /var/www/todo/system/CLI/CommandRunner.php(51): CodeIgniter\CLI\CommandRunner->index()
#10 /var/www/todo/system/CodeIgniter.php(920): CodeIgniter\CLI\CommandRunner->_remap()
#11 /var/www/todo/system/CodeIgniter.php(482): CodeIgniter\CodeIgniter->runController()
#12 /var/www/todo/system/CodeIgniter.php(347): CodeIgniter\CodeIgniter->handleRequest()
#13 /var/www/todo/system/CLI/Console.php(48): CodeIgniter\CodeIgniter->run()
#14 /var/www/todo/spark(98): CodeIgniter\CLI\Console->run()
#15 {main}
ERROR - 2022-11-24 15:54:51 --> Error connecting to the database: mysqli_sql_exception: Access denied for user ''@'localhost' (using password: NO) in /var/www/todo/system/Database/MySQLi/Connection.php:171
Stack trace:
#0 /var/www/todo/system/Database/MySQLi/Connection.php(171): mysqli->real_connect()
#1 /var/www/todo/system/Database/BaseConnection.php(382): CodeIgniter\Database\MySQLi\Connection->connect()
#2 /var/www/todo/system/Database/BaseConnection.php(561): CodeIgniter\Database\BaseConnection->initialize()
#3 /var/www/todo/system/Database/BaseConnection.php(1360): CodeIgniter\Database\BaseConnection->query()
#4 /var/www/todo/system/Database/BaseConnection.php(1394): CodeIgniter\Database\BaseConnection->listTables()
#5 /var/www/todo/system/Database/MigrationRunner.php(759): CodeIgniter\Database\BaseConnection->tableExists()
#6 /var/www/todo/system/Database/MigrationRunner.php(167): CodeIgniter\Database\MigrationRunner->ensureTable()
#7 /var/www/todo/system/Commands/Database/Migrate.php(84): CodeIgniter\Database\MigrationRunner->latest()
#8 /var/www/todo/system/CLI/Commands.php(63): CodeIgniter\Commands\Database\Migrate->run()
#9 /var/www/todo/system/CLI/CommandRunner.php(65): CodeIgniter\CLI\Commands->run()
#10 /var/www/todo/system/CLI/CommandRunner.php(51): CodeIgniter\CLI\CommandRunner->index()
#11 /var/www/todo/system/CodeIgniter.php(920): CodeIgniter\CLI\CommandRunner->_remap()
#12 /var/www/todo/system/CodeIgniter.php(482): CodeIgniter\CodeIgniter->runController()
#13 /var/www/todo/system/CodeIgniter.php(347): CodeIgniter\CodeIgniter->handleRequest()
#14 /var/www/todo/system/CLI/Console.php(48): CodeIgniter\CodeIgniter->run()
#15 /var/www/todo/spark(98): CodeIgniter\CLI\Console->run()
#16 {main}

Next CodeIgniter\Database\Exceptions\DatabaseException: Access denied for user ''@'localhost' (using password: NO) in /var/www/todo/system/Database/MySQLi/Connection.php:215
Stack trace:
#0 /var/www/todo/system/Database/BaseConnection.php(382): CodeIgniter\Database\MySQLi\Connection->connect()
#1 /var/www/todo/system/Database/BaseConnection.php(561): CodeIgniter\Database\BaseConnection->initialize()
#2 /var/www/todo/system/Database/BaseConnection.php(1360): CodeIgniter\Database\BaseConnection->query()
#3 /var/www/todo/system/Database/BaseConnection.php(1394): CodeIgniter\Database\BaseConnection->listTables()
#4 /var/www/todo/system/Database/MigrationRunner.php(759): CodeIgniter\Database\BaseConnection->tableExists()
#5 /var/www/todo/system/Database/MigrationRunner.php(167): CodeIgniter\Database\MigrationRunner->ensureTable()
#6 /var/www/todo/system/Commands/Database/Migrate.php(84): CodeIgniter\Database\MigrationRunner->latest()
#7 /var/www/todo/system/CLI/Commands.php(63): CodeIgniter\Commands\Database\Migrate->run()
#8 /var/www/todo/system/CLI/CommandRunner.php(65): CodeIgniter\CLI\Commands->run()
#9 /var/www/todo/system/CLI/CommandRunner.php(51): CodeIgniter\CLI\CommandRunner->index()
#10 /var/www/todo/system/CodeIgniter.php(920): CodeIgniter\CLI\CommandRunner->_remap()
#11 /var/www/todo/system/CodeIgniter.php(482): CodeIgniter\CodeIgniter->runController()
#12 /var/www/todo/system/CodeIgniter.php(347): CodeIgniter\CodeIgniter->handleRequest()
#13 /var/www/todo/system/CLI/Console.php(48): CodeIgniter\CodeIgniter->run()
#14 /var/www/todo/spark(98): CodeIgniter\CLI\Console->run()
#15 {main}
