ERROR - 2022-11-30 10:56:08 --> mysqli_sql_exception: Table 'dbTodo.tasks' doesn't exist in /var/www/todo/system/Database/MySQLi/Connection.php:292
Stack trace:
#0 /var/www/todo/system/Database/MySQLi/Connection.php(292): mysqli->query()
#1 /var/www/todo/system/Database/BaseConnection.php(666): CodeIgniter\Database\MySQLi\Connection->execute()
#2 /var/www/todo/system/Database/BaseConnection.php(593): CodeIgniter\Database\BaseConnection->simpleQuery()
#3 /var/www/todo/system/Database/BaseBuilder.php(1585): CodeIgniter\Database\BaseConnection->query()
#4 /var/www/todo/system/Model.php(223): CodeIgniter\Database\BaseBuilder->get()
#5 /var/www/todo/system/BaseModel.php(585): CodeIgniter\Model->doFindAll()
#6 /var/www/todo/app/Controllers/TaskController.php(20): CodeIgniter\BaseModel->findAll()
#7 /var/www/todo/system/CodeIgniter.php(927): App\Controllers\TaskController->index()
#8 /var/www/todo/system/CodeIgniter.php(482): CodeIgniter\CodeIgniter->runController()
#9 /var/www/todo/system/CodeIgniter.php(351): CodeIgniter\CodeIgniter->handleRequest()
#10 /var/www/todo/public/index.php(67): CodeIgniter\CodeIgniter->run()
#11 /var/www/todo/system/Commands/Server/rewrite.php(46): require_once('/var/www/todo/p...')
#12 {main}
CRITICAL - 2022-11-30 10:56:08 --> Table 'dbTodo.tasks' doesn't exist
in SYSTEMPATH/Database/MySQLi/Connection.php on line 292.
 1 SYSTEMPATH/Database/MySQLi/Connection.php(292): mysqli->query()
 2 SYSTEMPATH/Database/BaseConnection.php(666): CodeIgniter\Database\MySQLi\Connection->execute()
 3 SYSTEMPATH/Database/BaseConnection.php(593): CodeIgniter\Database\BaseConnection->simpleQuery()
 4 SYSTEMPATH/Database/BaseBuilder.php(1585): CodeIgniter\Database\BaseConnection->query()
 5 SYSTEMPATH/Model.php(223): CodeIgniter\Database\BaseBuilder->get()
 6 SYSTEMPATH/BaseModel.php(585): CodeIgniter\Model->doFindAll()
 7 APPPATH/Controllers/TaskController.php(20): CodeIgniter\BaseModel->findAll()
 8 SYSTEMPATH/CodeIgniter.php(927): App\Controllers\TaskController->index()
 9 SYSTEMPATH/CodeIgniter.php(482): CodeIgniter\CodeIgniter->runController()
10 SYSTEMPATH/CodeIgniter.php(351): CodeIgniter\CodeIgniter->handleRequest()
11 FCPATH/index.php(67): CodeIgniter\CodeIgniter->run()
12 SYSTEMPATH/Commands/Server/rewrite.php(46): require_once('FCPATH/index.php')
ERROR - 2022-11-30 10:57:03 --> mysqli_sql_exception: Table 'dbTodo.tasks' doesn't exist in /var/www/todo/system/Database/MySQLi/Connection.php:292
Stack trace:
#0 /var/www/todo/system/Database/MySQLi/Connection.php(292): mysqli->query()
#1 /var/www/todo/system/Database/BaseConnection.php(666): CodeIgniter\Database\MySQLi\Connection->execute()
#2 /var/www/todo/system/Database/BaseConnection.php(593): CodeIgniter\Database\BaseConnection->simpleQuery()
#3 /var/www/todo/system/Database/BaseBuilder.php(1585): CodeIgniter\Database\BaseConnection->query()
#4 /var/www/todo/system/Model.php(223): CodeIgniter\Database\BaseBuilder->get()
#5 /var/www/todo/system/BaseModel.php(585): CodeIgniter\Model->doFindAll()
#6 /var/www/todo/app/Controllers/TaskController.php(20): CodeIgniter\BaseModel->findAll()
#7 /var/www/todo/system/CodeIgniter.php(927): App\Controllers\TaskController->index()
#8 /var/www/todo/system/CodeIgniter.php(482): CodeIgniter\CodeIgniter->runController()
#9 /var/www/todo/system/CodeIgniter.php(351): CodeIgniter\CodeIgniter->handleRequest()
#10 /var/www/todo/public/index.php(67): CodeIgniter\CodeIgniter->run()
#11 /var/www/todo/system/Commands/Server/rewrite.php(46): require_once('/var/www/todo/p...')
#12 {main}
CRITICAL - 2022-11-30 10:57:03 --> Table 'dbTodo.tasks' doesn't exist
in SYSTEMPATH/Database/MySQLi/Connection.php on line 292.
 1 SYSTEMPATH/Database/MySQLi/Connection.php(292): mysqli->query()
 2 SYSTEMPATH/Database/BaseConnection.php(666): CodeIgniter\Database\MySQLi\Connection->execute()
 3 SYSTEMPATH/Database/BaseConnection.php(593): CodeIgniter\Database\BaseConnection->simpleQuery()
 4 SYSTEMPATH/Database/BaseBuilder.php(1585): CodeIgniter\Database\BaseConnection->query()
 5 SYSTEMPATH/Model.php(223): CodeIgniter\Database\BaseBuilder->get()
 6 SYSTEMPATH/BaseModel.php(585): CodeIgniter\Model->doFindAll()
 7 APPPATH/Controllers/TaskController.php(20): CodeIgniter\BaseModel->findAll()
 8 SYSTEMPATH/CodeIgniter.php(927): App\Controllers\TaskController->index()
 9 SYSTEMPATH/CodeIgniter.php(482): CodeIgniter\CodeIgniter->runController()
10 SYSTEMPATH/CodeIgniter.php(351): CodeIgniter\CodeIgniter->handleRequest()
11 FCPATH/index.php(67): CodeIgniter\CodeIgniter->run()
12 SYSTEMPATH/Commands/Server/rewrite.php(46): require_once('FCPATH/index.php')
ERROR - 2022-11-30 10:57:05 --> mysqli_sql_exception: Table 'dbTodo.tasks' doesn't exist in /var/www/todo/system/Database/MySQLi/Connection.php:292
Stack trace:
#0 /var/www/todo/system/Database/MySQLi/Connection.php(292): mysqli->query()
#1 /var/www/todo/system/Database/BaseConnection.php(666): CodeIgniter\Database\MySQLi\Connection->execute()
#2 /var/www/todo/system/Database/BaseConnection.php(593): CodeIgniter\Database\BaseConnection->simpleQuery()
#3 /var/www/todo/system/Database/BaseBuilder.php(1585): CodeIgniter\Database\BaseConnection->query()
#4 /var/www/todo/system/Model.php(223): CodeIgniter\Database\BaseBuilder->get()
#5 /var/www/todo/system/BaseModel.php(585): CodeIgniter\Model->doFindAll()
#6 /var/www/todo/app/Controllers/TaskController.php(20): CodeIgniter\BaseModel->findAll()
#7 /var/www/todo/system/CodeIgniter.php(927): App\Controllers\TaskController->index()
#8 /var/www/todo/system/CodeIgniter.php(482): CodeIgniter\CodeIgniter->runController()
#9 /var/www/todo/system/CodeIgniter.php(351): CodeIgniter\CodeIgniter->handleRequest()
#10 /var/www/todo/public/index.php(67): CodeIgniter\CodeIgniter->run()
#11 /var/www/todo/system/Commands/Server/rewrite.php(46): require_once('/var/www/todo/p...')
#12 {main}
CRITICAL - 2022-11-30 10:57:05 --> Table 'dbTodo.tasks' doesn't exist
in SYSTEMPATH/Database/MySQLi/Connection.php on line 292.
 1 SYSTEMPATH/Database/MySQLi/Connection.php(292): mysqli->query()
 2 SYSTEMPATH/Database/BaseConnection.php(666): CodeIgniter\Database\MySQLi\Connection->execute()
 3 SYSTEMPATH/Database/BaseConnection.php(593): CodeIgniter\Database\BaseConnection->simpleQuery()
 4 SYSTEMPATH/Database/BaseBuilder.php(1585): CodeIgniter\Database\BaseConnection->query()
 5 SYSTEMPATH/Model.php(223): CodeIgniter\Database\BaseBuilder->get()
 6 SYSTEMPATH/BaseModel.php(585): CodeIgniter\Model->doFindAll()
 7 APPPATH/Controllers/TaskController.php(20): CodeIgniter\BaseModel->findAll()
 8 SYSTEMPATH/CodeIgniter.php(927): App\Controllers\TaskController->index()
 9 SYSTEMPATH/CodeIgniter.php(482): CodeIgniter\CodeIgniter->runController()
10 SYSTEMPATH/CodeIgniter.php(351): CodeIgniter\CodeIgniter->handleRequest()
11 FCPATH/index.php(67): CodeIgniter\CodeIgniter->run()
12 SYSTEMPATH/Commands/Server/rewrite.php(46): require_once('FCPATH/index.php')
ERROR - 2022-11-30 10:57:13 --> mysqli_sql_exception: Table 'dbTodo.tasks' doesn't exist in /var/www/todo/system/Database/MySQLi/Connection.php:292
Stack trace:
#0 /var/www/todo/system/Database/MySQLi/Connection.php(292): mysqli->query()
#1 /var/www/todo/system/Database/BaseConnection.php(666): CodeIgniter\Database\MySQLi\Connection->execute()
#2 /var/www/todo/system/Database/BaseConnection.php(593): CodeIgniter\Database\BaseConnection->simpleQuery()
#3 /var/www/todo/system/Database/BaseBuilder.php(1585): CodeIgniter\Database\BaseConnection->query()
#4 /var/www/todo/system/Model.php(223): CodeIgniter\Database\BaseBuilder->get()
#5 /var/www/todo/system/BaseModel.php(585): CodeIgniter\Model->doFindAll()
#6 /var/www/todo/app/Controllers/TaskController.php(20): CodeIgniter\BaseModel->findAll()
#7 /var/www/todo/system/CodeIgniter.php(927): App\Controllers\TaskController->index()
#8 /var/www/todo/system/CodeIgniter.php(482): CodeIgniter\CodeIgniter->runController()
#9 /var/www/todo/system/CodeIgniter.php(351): CodeIgniter\CodeIgniter->handleRequest()
#10 /var/www/todo/public/index.php(67): CodeIgniter\CodeIgniter->run()
#11 /var/www/todo/system/Commands/Server/rewrite.php(46): require_once('/var/www/todo/p...')
#12 {main}
CRITICAL - 2022-11-30 10:57:13 --> Table 'dbTodo.tasks' doesn't exist
in SYSTEMPATH/Database/MySQLi/Connection.php on line 292.
 1 SYSTEMPATH/Database/MySQLi/Connection.php(292): mysqli->query()
 2 SYSTEMPATH/Database/BaseConnection.php(666): CodeIgniter\Database\MySQLi\Connection->execute()
 3 SYSTEMPATH/Database/BaseConnection.php(593): CodeIgniter\Database\BaseConnection->simpleQuery()
 4 SYSTEMPATH/Database/BaseBuilder.php(1585): CodeIgniter\Database\BaseConnection->query()
 5 SYSTEMPATH/Model.php(223): CodeIgniter\Database\BaseBuilder->get()
 6 SYSTEMPATH/BaseModel.php(585): CodeIgniter\Model->doFindAll()
 7 APPPATH/Controllers/TaskController.php(20): CodeIgniter\BaseModel->findAll()
 8 SYSTEMPATH/CodeIgniter.php(927): App\Controllers\TaskController->index()
 9 SYSTEMPATH/CodeIgniter.php(482): CodeIgniter\CodeIgniter->runController()
10 SYSTEMPATH/CodeIgniter.php(351): CodeIgniter\CodeIgniter->handleRequest()
11 FCPATH/index.php(67): CodeIgniter\CodeIgniter->run()
12 SYSTEMPATH/Commands/Server/rewrite.php(46): require_once('FCPATH/index.php')
ERROR - 2022-11-30 11:01:37 --> mysqli_sql_exception: Table 'dbTodo.tasks' doesn't exist in /var/www/todo/system/Database/MySQLi/Connection.php:292
Stack trace:
#0 /var/www/todo/system/Database/MySQLi/Connection.php(292): mysqli->query()
#1 /var/www/todo/system/Database/BaseConnection.php(666): CodeIgniter\Database\MySQLi\Connection->execute()
#2 /var/www/todo/system/Database/BaseConnection.php(593): CodeIgniter\Database\BaseConnection->simpleQuery()
#3 /var/www/todo/system/Database/BaseBuilder.php(1585): CodeIgniter\Database\BaseConnection->query()
#4 /var/www/todo/system/Model.php(223): CodeIgniter\Database\BaseBuilder->get()
#5 /var/www/todo/system/BaseModel.php(585): CodeIgniter\Model->doFindAll()
#6 /var/www/todo/app/Controllers/TaskController.php(20): CodeIgniter\BaseModel->findAll()
#7 /var/www/todo/system/CodeIgniter.php(927): App\Controllers\TaskController->index()
#8 /var/www/todo/system/CodeIgniter.php(482): CodeIgniter\CodeIgniter->runController()
#9 /var/www/todo/system/CodeIgniter.php(351): CodeIgniter\CodeIgniter->handleRequest()
#10 /var/www/todo/public/index.php(67): CodeIgniter\CodeIgniter->run()
#11 /var/www/todo/system/Commands/Server/rewrite.php(46): require_once('/var/www/todo/p...')
#12 {main}
CRITICAL - 2022-11-30 11:01:37 --> Table 'dbTodo.tasks' doesn't exist
in SYSTEMPATH/Database/MySQLi/Connection.php on line 292.
 1 SYSTEMPATH/Database/MySQLi/Connection.php(292): mysqli->query()
 2 SYSTEMPATH/Database/BaseConnection.php(666): CodeIgniter\Database\MySQLi\Connection->execute()
 3 SYSTEMPATH/Database/BaseConnection.php(593): CodeIgniter\Database\BaseConnection->simpleQuery()
 4 SYSTEMPATH/Database/BaseBuilder.php(1585): CodeIgniter\Database\BaseConnection->query()
 5 SYSTEMPATH/Model.php(223): CodeIgniter\Database\BaseBuilder->get()
 6 SYSTEMPATH/BaseModel.php(585): CodeIgniter\Model->doFindAll()
 7 APPPATH/Controllers/TaskController.php(20): CodeIgniter\BaseModel->findAll()
 8 SYSTEMPATH/CodeIgniter.php(927): App\Controllers\TaskController->index()
 9 SYSTEMPATH/CodeIgniter.php(482): CodeIgniter\CodeIgniter->runController()
10 SYSTEMPATH/CodeIgniter.php(351): CodeIgniter\CodeIgniter->handleRequest()
11 FCPATH/index.php(67): CodeIgniter\CodeIgniter->run()
12 SYSTEMPATH/Commands/Server/rewrite.php(46): require_once('FCPATH/index.php')
ERROR - 2022-11-30 11:01:41 --> mysqli_sql_exception: Table 'dbTodo.tasks' doesn't exist in /var/www/todo/system/Database/MySQLi/Connection.php:292
Stack trace:
#0 /var/www/todo/system/Database/MySQLi/Connection.php(292): mysqli->query()
#1 /var/www/todo/system/Database/BaseConnection.php(666): CodeIgniter\Database\MySQLi\Connection->execute()
#2 /var/www/todo/system/Database/BaseConnection.php(593): CodeIgniter\Database\BaseConnection->simpleQuery()
#3 /var/www/todo/system/Database/BaseBuilder.php(1585): CodeIgniter\Database\BaseConnection->query()
#4 /var/www/todo/system/Model.php(223): CodeIgniter\Database\BaseBuilder->get()
#5 /var/www/todo/system/BaseModel.php(585): CodeIgniter\Model->doFindAll()
#6 /var/www/todo/app/Controllers/TaskController.php(20): CodeIgniter\BaseModel->findAll()
#7 /var/www/todo/system/CodeIgniter.php(927): App\Controllers\TaskController->index()
#8 /var/www/todo/system/CodeIgniter.php(482): CodeIgniter\CodeIgniter->runController()
#9 /var/www/todo/system/CodeIgniter.php(351): CodeIgniter\CodeIgniter->handleRequest()
#10 /var/www/todo/public/index.php(67): CodeIgniter\CodeIgniter->run()
#11 /var/www/todo/system/Commands/Server/rewrite.php(46): require_once('/var/www/todo/p...')
#12 {main}
CRITICAL - 2022-11-30 11:01:41 --> Table 'dbTodo.tasks' doesn't exist
in SYSTEMPATH/Database/MySQLi/Connection.php on line 292.
 1 SYSTEMPATH/Database/MySQLi/Connection.php(292): mysqli->query()
 2 SYSTEMPATH/Database/BaseConnection.php(666): CodeIgniter\Database\MySQLi\Connection->execute()
 3 SYSTEMPATH/Database/BaseConnection.php(593): CodeIgniter\Database\BaseConnection->simpleQuery()
 4 SYSTEMPATH/Database/BaseBuilder.php(1585): CodeIgniter\Database\BaseConnection->query()
 5 SYSTEMPATH/Model.php(223): CodeIgniter\Database\BaseBuilder->get()
 6 SYSTEMPATH/BaseModel.php(585): CodeIgniter\Model->doFindAll()
 7 APPPATH/Controllers/TaskController.php(20): CodeIgniter\BaseModel->findAll()
 8 SYSTEMPATH/CodeIgniter.php(927): App\Controllers\TaskController->index()
 9 SYSTEMPATH/CodeIgniter.php(482): CodeIgniter\CodeIgniter->runController()
10 SYSTEMPATH/CodeIgniter.php(351): CodeIgniter\CodeIgniter->handleRequest()
11 FCPATH/index.php(67): CodeIgniter\CodeIgniter->run()
12 SYSTEMPATH/Commands/Server/rewrite.php(46): require_once('FCPATH/index.php')
ERROR - 2022-11-30 11:01:51 --> mysqli_sql_exception: Table 'dbTodo.tasks' doesn't exist in /var/www/todo/system/Database/MySQLi/Connection.php:292
Stack trace:
#0 /var/www/todo/system/Database/MySQLi/Connection.php(292): mysqli->query()
#1 /var/www/todo/system/Database/BaseConnection.php(666): CodeIgniter\Database\MySQLi\Connection->execute()
#2 /var/www/todo/system/Database/BaseConnection.php(593): CodeIgniter\Database\BaseConnection->simpleQuery()
#3 /var/www/todo/system/Database/BaseBuilder.php(1585): CodeIgniter\Database\BaseConnection->query()
#4 /var/www/todo/system/Model.php(223): CodeIgniter\Database\BaseBuilder->get()
#5 /var/www/todo/system/BaseModel.php(585): CodeIgniter\Model->doFindAll()
#6 /var/www/todo/app/Controllers/TaskController.php(20): CodeIgniter\BaseModel->findAll()
#7 /var/www/todo/system/CodeIgniter.php(927): App\Controllers\TaskController->index()
#8 /var/www/todo/system/CodeIgniter.php(482): CodeIgniter\CodeIgniter->runController()
#9 /var/www/todo/system/CodeIgniter.php(351): CodeIgniter\CodeIgniter->handleRequest()
#10 /var/www/todo/public/index.php(67): CodeIgniter\CodeIgniter->run()
#11 /var/www/todo/system/Commands/Server/rewrite.php(46): require_once('/var/www/todo/p...')
#12 {main}
CRITICAL - 2022-11-30 11:01:51 --> Table 'dbTodo.tasks' doesn't exist
in SYSTEMPATH/Database/MySQLi/Connection.php on line 292.
 1 SYSTEMPATH/Database/MySQLi/Connection.php(292): mysqli->query()
 2 SYSTEMPATH/Database/BaseConnection.php(666): CodeIgniter\Database\MySQLi\Connection->execute()
 3 SYSTEMPATH/Database/BaseConnection.php(593): CodeIgniter\Database\BaseConnection->simpleQuery()
 4 SYSTEMPATH/Database/BaseBuilder.php(1585): CodeIgniter\Database\BaseConnection->query()
 5 SYSTEMPATH/Model.php(223): CodeIgniter\Database\BaseBuilder->get()
 6 SYSTEMPATH/BaseModel.php(585): CodeIgniter\Model->doFindAll()
 7 APPPATH/Controllers/TaskController.php(20): CodeIgniter\BaseModel->findAll()
 8 SYSTEMPATH/CodeIgniter.php(927): App\Controllers\TaskController->index()
 9 SYSTEMPATH/CodeIgniter.php(482): CodeIgniter\CodeIgniter->runController()
10 SYSTEMPATH/CodeIgniter.php(351): CodeIgniter\CodeIgniter->handleRequest()
11 FCPATH/index.php(67): CodeIgniter\CodeIgniter->run()
12 SYSTEMPATH/Commands/Server/rewrite.php(46): require_once('FCPATH/index.php')
ERROR - 2022-11-30 11:02:02 --> mysqli_sql_exception: Table 'dbTodo.tasks' doesn't exist in /var/www/todo/system/Database/MySQLi/Connection.php:292
Stack trace:
#0 /var/www/todo/system/Database/MySQLi/Connection.php(292): mysqli->query()
#1 /var/www/todo/system/Database/BaseConnection.php(666): CodeIgniter\Database\MySQLi\Connection->execute()
#2 /var/www/todo/system/Database/BaseConnection.php(593): CodeIgniter\Database\BaseConnection->simpleQuery()
#3 /var/www/todo/system/Database/BaseBuilder.php(1585): CodeIgniter\Database\BaseConnection->query()
#4 /var/www/todo/system/Model.php(223): CodeIgniter\Database\BaseBuilder->get()
#5 /var/www/todo/system/BaseModel.php(585): CodeIgniter\Model->doFindAll()
#6 /var/www/todo/app/Controllers/TaskController.php(20): CodeIgniter\BaseModel->findAll()
#7 /var/www/todo/system/CodeIgniter.php(927): App\Controllers\TaskController->index()
#8 /var/www/todo/system/CodeIgniter.php(482): CodeIgniter\CodeIgniter->runController()
#9 /var/www/todo/system/CodeIgniter.php(351): CodeIgniter\CodeIgniter->handleRequest()
#10 /var/www/todo/public/index.php(67): CodeIgniter\CodeIgniter->run()
#11 /var/www/todo/system/Commands/Server/rewrite.php(46): require_once('/var/www/todo/p...')
#12 {main}
CRITICAL - 2022-11-30 11:02:02 --> Table 'dbTodo.tasks' doesn't exist
in SYSTEMPATH/Database/MySQLi/Connection.php on line 292.
 1 SYSTEMPATH/Database/MySQLi/Connection.php(292): mysqli->query()
 2 SYSTEMPATH/Database/BaseConnection.php(666): CodeIgniter\Database\MySQLi\Connection->execute()
 3 SYSTEMPATH/Database/BaseConnection.php(593): CodeIgniter\Database\BaseConnection->simpleQuery()
 4 SYSTEMPATH/Database/BaseBuilder.php(1585): CodeIgniter\Database\BaseConnection->query()
 5 SYSTEMPATH/Model.php(223): CodeIgniter\Database\BaseBuilder->get()
 6 SYSTEMPATH/BaseModel.php(585): CodeIgniter\Model->doFindAll()
 7 APPPATH/Controllers/TaskController.php(20): CodeIgniter\BaseModel->findAll()
 8 SYSTEMPATH/CodeIgniter.php(927): App\Controllers\TaskController->index()
 9 SYSTEMPATH/CodeIgniter.php(482): CodeIgniter\CodeIgniter->runController()
10 SYSTEMPATH/CodeIgniter.php(351): CodeIgniter\CodeIgniter->handleRequest()
11 FCPATH/index.php(67): CodeIgniter\CodeIgniter->run()
12 SYSTEMPATH/Commands/Server/rewrite.php(46): require_once('FCPATH/index.php')
ERROR - 2022-11-30 11:02:12 --> mysqli_sql_exception: Table 'dbTodo.tasks' doesn't exist in /var/www/todo/system/Database/MySQLi/Connection.php:292
Stack trace:
#0 /var/www/todo/system/Database/MySQLi/Connection.php(292): mysqli->query()
#1 /var/www/todo/system/Database/BaseConnection.php(666): CodeIgniter\Database\MySQLi\Connection->execute()
#2 /var/www/todo/system/Database/BaseConnection.php(593): CodeIgniter\Database\BaseConnection->simpleQuery()
#3 /var/www/todo/system/Database/BaseBuilder.php(1585): CodeIgniter\Database\BaseConnection->query()
#4 /var/www/todo/system/Model.php(223): CodeIgniter\Database\BaseBuilder->get()
#5 /var/www/todo/system/BaseModel.php(585): CodeIgniter\Model->doFindAll()
#6 /var/www/todo/app/Controllers/TaskController.php(20): CodeIgniter\BaseModel->findAll()
#7 /var/www/todo/system/CodeIgniter.php(927): App\Controllers\TaskController->index()
#8 /var/www/todo/system/CodeIgniter.php(482): CodeIgniter\CodeIgniter->runController()
#9 /var/www/todo/system/CodeIgniter.php(351): CodeIgniter\CodeIgniter->handleRequest()
#10 /var/www/todo/public/index.php(67): CodeIgniter\CodeIgniter->run()
#11 /var/www/todo/system/Commands/Server/rewrite.php(46): require_once('/var/www/todo/p...')
#12 {main}
CRITICAL - 2022-11-30 11:02:12 --> Table 'dbTodo.tasks' doesn't exist
in SYSTEMPATH/Database/MySQLi/Connection.php on line 292.
 1 SYSTEMPATH/Database/MySQLi/Connection.php(292): mysqli->query()
 2 SYSTEMPATH/Database/BaseConnection.php(666): CodeIgniter\Database\MySQLi\Connection->execute()
 3 SYSTEMPATH/Database/BaseConnection.php(593): CodeIgniter\Database\BaseConnection->simpleQuery()
 4 SYSTEMPATH/Database/BaseBuilder.php(1585): CodeIgniter\Database\BaseConnection->query()
 5 SYSTEMPATH/Model.php(223): CodeIgniter\Database\BaseBuilder->get()
 6 SYSTEMPATH/BaseModel.php(585): CodeIgniter\Model->doFindAll()
 7 APPPATH/Controllers/TaskController.php(20): CodeIgniter\BaseModel->findAll()
 8 SYSTEMPATH/CodeIgniter.php(927): App\Controllers\TaskController->index()
 9 SYSTEMPATH/CodeIgniter.php(482): CodeIgniter\CodeIgniter->runController()
10 SYSTEMPATH/CodeIgniter.php(351): CodeIgniter\CodeIgniter->handleRequest()
11 FCPATH/index.php(67): CodeIgniter\CodeIgniter->run()
12 SYSTEMPATH/Commands/Server/rewrite.php(46): require_once('FCPATH/index.php')
ERROR - 2022-11-30 11:02:13 --> mysqli_sql_exception: Table 'dbTodo.tasks' doesn't exist in /var/www/todo/system/Database/MySQLi/Connection.php:292
Stack trace:
#0 /var/www/todo/system/Database/MySQLi/Connection.php(292): mysqli->query()
#1 /var/www/todo/system/Database/BaseConnection.php(666): CodeIgniter\Database\MySQLi\Connection->execute()
#2 /var/www/todo/system/Database/BaseConnection.php(593): CodeIgniter\Database\BaseConnection->simpleQuery()
#3 /var/www/todo/system/Database/BaseBuilder.php(1585): CodeIgniter\Database\BaseConnection->query()
#4 /var/www/todo/system/Model.php(223): CodeIgniter\Database\BaseBuilder->get()
#5 /var/www/todo/system/BaseModel.php(585): CodeIgniter\Model->doFindAll()
#6 /var/www/todo/app/Controllers/TaskController.php(20): CodeIgniter\BaseModel->findAll()
#7 /var/www/todo/system/CodeIgniter.php(927): App\Controllers\TaskController->index()
#8 /var/www/todo/system/CodeIgniter.php(482): CodeIgniter\CodeIgniter->runController()
#9 /var/www/todo/system/CodeIgniter.php(351): CodeIgniter\CodeIgniter->handleRequest()
#10 /var/www/todo/public/index.php(67): CodeIgniter\CodeIgniter->run()
#11 /var/www/todo/system/Commands/Server/rewrite.php(46): require_once('/var/www/todo/p...')
#12 {main}
CRITICAL - 2022-11-30 11:02:13 --> Table 'dbTodo.tasks' doesn't exist
in SYSTEMPATH/Database/MySQLi/Connection.php on line 292.
 1 SYSTEMPATH/Database/MySQLi/Connection.php(292): mysqli->query()
 2 SYSTEMPATH/Database/BaseConnection.php(666): CodeIgniter\Database\MySQLi\Connection->execute()
 3 SYSTEMPATH/Database/BaseConnection.php(593): CodeIgniter\Database\BaseConnection->simpleQuery()
 4 SYSTEMPATH/Database/BaseBuilder.php(1585): CodeIgniter\Database\BaseConnection->query()
 5 SYSTEMPATH/Model.php(223): CodeIgniter\Database\BaseBuilder->get()
 6 SYSTEMPATH/BaseModel.php(585): CodeIgniter\Model->doFindAll()
 7 APPPATH/Controllers/TaskController.php(20): CodeIgniter\BaseModel->findAll()
 8 SYSTEMPATH/CodeIgniter.php(927): App\Controllers\TaskController->index()
 9 SYSTEMPATH/CodeIgniter.php(482): CodeIgniter\CodeIgniter->runController()
10 SYSTEMPATH/CodeIgniter.php(351): CodeIgniter\CodeIgniter->handleRequest()
11 FCPATH/index.php(67): CodeIgniter\CodeIgniter->run()
12 SYSTEMPATH/Commands/Server/rewrite.php(46): require_once('FCPATH/index.php')
ERROR - 2022-11-30 11:02:14 --> mysqli_sql_exception: Table 'dbTodo.tasks' doesn't exist in /var/www/todo/system/Database/MySQLi/Connection.php:292
Stack trace:
#0 /var/www/todo/system/Database/MySQLi/Connection.php(292): mysqli->query()
#1 /var/www/todo/system/Database/BaseConnection.php(666): CodeIgniter\Database\MySQLi\Connection->execute()
#2 /var/www/todo/system/Database/BaseConnection.php(593): CodeIgniter\Database\BaseConnection->simpleQuery()
#3 /var/www/todo/system/Database/BaseBuilder.php(1585): CodeIgniter\Database\BaseConnection->query()
#4 /var/www/todo/system/Model.php(223): CodeIgniter\Database\BaseBuilder->get()
#5 /var/www/todo/system/BaseModel.php(585): CodeIgniter\Model->doFindAll()
#6 /var/www/todo/app/Controllers/TaskController.php(20): CodeIgniter\BaseModel->findAll()
#7 /var/www/todo/system/CodeIgniter.php(927): App\Controllers\TaskController->index()
#8 /var/www/todo/system/CodeIgniter.php(482): CodeIgniter\CodeIgniter->runController()
#9 /var/www/todo/system/CodeIgniter.php(351): CodeIgniter\CodeIgniter->handleRequest()
#10 /var/www/todo/public/index.php(67): CodeIgniter\CodeIgniter->run()
#11 /var/www/todo/system/Commands/Server/rewrite.php(46): require_once('/var/www/todo/p...')
#12 {main}
CRITICAL - 2022-11-30 11:02:14 --> Table 'dbTodo.tasks' doesn't exist
in SYSTEMPATH/Database/MySQLi/Connection.php on line 292.
 1 SYSTEMPATH/Database/MySQLi/Connection.php(292): mysqli->query()
 2 SYSTEMPATH/Database/BaseConnection.php(666): CodeIgniter\Database\MySQLi\Connection->execute()
 3 SYSTEMPATH/Database/BaseConnection.php(593): CodeIgniter\Database\BaseConnection->simpleQuery()
 4 SYSTEMPATH/Database/BaseBuilder.php(1585): CodeIgniter\Database\BaseConnection->query()
 5 SYSTEMPATH/Model.php(223): CodeIgniter\Database\BaseBuilder->get()
 6 SYSTEMPATH/BaseModel.php(585): CodeIgniter\Model->doFindAll()
 7 APPPATH/Controllers/TaskController.php(20): CodeIgniter\BaseModel->findAll()
 8 SYSTEMPATH/CodeIgniter.php(927): App\Controllers\TaskController->index()
 9 SYSTEMPATH/CodeIgniter.php(482): CodeIgniter\CodeIgniter->runController()
10 SYSTEMPATH/CodeIgniter.php(351): CodeIgniter\CodeIgniter->handleRequest()
11 FCPATH/index.php(67): CodeIgniter\CodeIgniter->run()
12 SYSTEMPATH/Commands/Server/rewrite.php(46): require_once('FCPATH/index.php')
ERROR - 2022-11-30 11:02:14 --> mysqli_sql_exception: Table 'dbTodo.tasks' doesn't exist in /var/www/todo/system/Database/MySQLi/Connection.php:292
Stack trace:
#0 /var/www/todo/system/Database/MySQLi/Connection.php(292): mysqli->query()
#1 /var/www/todo/system/Database/BaseConnection.php(666): CodeIgniter\Database\MySQLi\Connection->execute()
#2 /var/www/todo/system/Database/BaseConnection.php(593): CodeIgniter\Database\BaseConnection->simpleQuery()
#3 /var/www/todo/system/Database/BaseBuilder.php(1585): CodeIgniter\Database\BaseConnection->query()
#4 /var/www/todo/system/Model.php(223): CodeIgniter\Database\BaseBuilder->get()
#5 /var/www/todo/system/BaseModel.php(585): CodeIgniter\Model->doFindAll()
#6 /var/www/todo/app/Controllers/TaskController.php(20): CodeIgniter\BaseModel->findAll()
#7 /var/www/todo/system/CodeIgniter.php(927): App\Controllers\TaskController->index()
#8 /var/www/todo/system/CodeIgniter.php(482): CodeIgniter\CodeIgniter->runController()
#9 /var/www/todo/system/CodeIgniter.php(351): CodeIgniter\CodeIgniter->handleRequest()
#10 /var/www/todo/public/index.php(67): CodeIgniter\CodeIgniter->run()
#11 /var/www/todo/system/Commands/Server/rewrite.php(46): require_once('/var/www/todo/p...')
#12 {main}
CRITICAL - 2022-11-30 11:02:14 --> Table 'dbTodo.tasks' doesn't exist
in SYSTEMPATH/Database/MySQLi/Connection.php on line 292.
 1 SYSTEMPATH/Database/MySQLi/Connection.php(292): mysqli->query()
 2 SYSTEMPATH/Database/BaseConnection.php(666): CodeIgniter\Database\MySQLi\Connection->execute()
 3 SYSTEMPATH/Database/BaseConnection.php(593): CodeIgniter\Database\BaseConnection->simpleQuery()
 4 SYSTEMPATH/Database/BaseBuilder.php(1585): CodeIgniter\Database\BaseConnection->query()
 5 SYSTEMPATH/Model.php(223): CodeIgniter\Database\BaseBuilder->get()
 6 SYSTEMPATH/BaseModel.php(585): CodeIgniter\Model->doFindAll()
 7 APPPATH/Controllers/TaskController.php(20): CodeIgniter\BaseModel->findAll()
 8 SYSTEMPATH/CodeIgniter.php(927): App\Controllers\TaskController->index()
 9 SYSTEMPATH/CodeIgniter.php(482): CodeIgniter\CodeIgniter->runController()
10 SYSTEMPATH/CodeIgniter.php(351): CodeIgniter\CodeIgniter->handleRequest()
11 FCPATH/index.php(67): CodeIgniter\CodeIgniter->run()
12 SYSTEMPATH/Commands/Server/rewrite.php(46): require_once('FCPATH/index.php')
ERROR - 2022-11-30 11:02:15 --> mysqli_sql_exception: Table 'dbTodo.tasks' doesn't exist in /var/www/todo/system/Database/MySQLi/Connection.php:292
Stack trace:
#0 /var/www/todo/system/Database/MySQLi/Connection.php(292): mysqli->query()
#1 /var/www/todo/system/Database/BaseConnection.php(666): CodeIgniter\Database\MySQLi\Connection->execute()
#2 /var/www/todo/system/Database/BaseConnection.php(593): CodeIgniter\Database\BaseConnection->simpleQuery()
#3 /var/www/todo/system/Database/BaseBuilder.php(1585): CodeIgniter\Database\BaseConnection->query()
#4 /var/www/todo/system/Model.php(223): CodeIgniter\Database\BaseBuilder->get()
#5 /var/www/todo/system/BaseModel.php(585): CodeIgniter\Model->doFindAll()
#6 /var/www/todo/app/Controllers/TaskController.php(20): CodeIgniter\BaseModel->findAll()
#7 /var/www/todo/system/CodeIgniter.php(927): App\Controllers\TaskController->index()
#8 /var/www/todo/system/CodeIgniter.php(482): CodeIgniter\CodeIgniter->runController()
#9 /var/www/todo/system/CodeIgniter.php(351): CodeIgniter\CodeIgniter->handleRequest()
#10 /var/www/todo/public/index.php(67): CodeIgniter\CodeIgniter->run()
#11 /var/www/todo/system/Commands/Server/rewrite.php(46): require_once('/var/www/todo/p...')
#12 {main}
CRITICAL - 2022-11-30 11:02:15 --> Table 'dbTodo.tasks' doesn't exist
in SYSTEMPATH/Database/MySQLi/Connection.php on line 292.
 1 SYSTEMPATH/Database/MySQLi/Connection.php(292): mysqli->query()
 2 SYSTEMPATH/Database/BaseConnection.php(666): CodeIgniter\Database\MySQLi\Connection->execute()
 3 SYSTEMPATH/Database/BaseConnection.php(593): CodeIgniter\Database\BaseConnection->simpleQuery()
 4 SYSTEMPATH/Database/BaseBuilder.php(1585): CodeIgniter\Database\BaseConnection->query()
 5 SYSTEMPATH/Model.php(223): CodeIgniter\Database\BaseBuilder->get()
 6 SYSTEMPATH/BaseModel.php(585): CodeIgniter\Model->doFindAll()
 7 APPPATH/Controllers/TaskController.php(20): CodeIgniter\BaseModel->findAll()
 8 SYSTEMPATH/CodeIgniter.php(927): App\Controllers\TaskController->index()
 9 SYSTEMPATH/CodeIgniter.php(482): CodeIgniter\CodeIgniter->runController()
10 SYSTEMPATH/CodeIgniter.php(351): CodeIgniter\CodeIgniter->handleRequest()
11 FCPATH/index.php(67): CodeIgniter\CodeIgniter->run()
12 SYSTEMPATH/Commands/Server/rewrite.php(46): require_once('FCPATH/index.php')
ERROR - 2022-11-30 11:02:15 --> mysqli_sql_exception: Table 'dbTodo.tasks' doesn't exist in /var/www/todo/system/Database/MySQLi/Connection.php:292
Stack trace:
#0 /var/www/todo/system/Database/MySQLi/Connection.php(292): mysqli->query()
#1 /var/www/todo/system/Database/BaseConnection.php(666): CodeIgniter\Database\MySQLi\Connection->execute()
#2 /var/www/todo/system/Database/BaseConnection.php(593): CodeIgniter\Database\BaseConnection->simpleQuery()
#3 /var/www/todo/system/Database/BaseBuilder.php(1585): CodeIgniter\Database\BaseConnection->query()
#4 /var/www/todo/system/Model.php(223): CodeIgniter\Database\BaseBuilder->get()
#5 /var/www/todo/system/BaseModel.php(585): CodeIgniter\Model->doFindAll()
#6 /var/www/todo/app/Controllers/TaskController.php(20): CodeIgniter\BaseModel->findAll()
#7 /var/www/todo/system/CodeIgniter.php(927): App\Controllers\TaskController->index()
#8 /var/www/todo/system/CodeIgniter.php(482): CodeIgniter\CodeIgniter->runController()
#9 /var/www/todo/system/CodeIgniter.php(351): CodeIgniter\CodeIgniter->handleRequest()
#10 /var/www/todo/public/index.php(67): CodeIgniter\CodeIgniter->run()
#11 /var/www/todo/system/Commands/Server/rewrite.php(46): require_once('/var/www/todo/p...')
#12 {main}
CRITICAL - 2022-11-30 11:02:15 --> Table 'dbTodo.tasks' doesn't exist
in SYSTEMPATH/Database/MySQLi/Connection.php on line 292.
 1 SYSTEMPATH/Database/MySQLi/Connection.php(292): mysqli->query()
 2 SYSTEMPATH/Database/BaseConnection.php(666): CodeIgniter\Database\MySQLi\Connection->execute()
 3 SYSTEMPATH/Database/BaseConnection.php(593): CodeIgniter\Database\BaseConnection->simpleQuery()
 4 SYSTEMPATH/Database/BaseBuilder.php(1585): CodeIgniter\Database\BaseConnection->query()
 5 SYSTEMPATH/Model.php(223): CodeIgniter\Database\BaseBuilder->get()
 6 SYSTEMPATH/BaseModel.php(585): CodeIgniter\Model->doFindAll()
 7 APPPATH/Controllers/TaskController.php(20): CodeIgniter\BaseModel->findAll()
 8 SYSTEMPATH/CodeIgniter.php(927): App\Controllers\TaskController->index()
 9 SYSTEMPATH/CodeIgniter.php(482): CodeIgniter\CodeIgniter->runController()
10 SYSTEMPATH/CodeIgniter.php(351): CodeIgniter\CodeIgniter->handleRequest()
11 FCPATH/index.php(67): CodeIgniter\CodeIgniter->run()
12 SYSTEMPATH/Commands/Server/rewrite.php(46): require_once('FCPATH/index.php')
ERROR - 2022-11-30 11:02:15 --> mysqli_sql_exception: Table 'dbTodo.tasks' doesn't exist in /var/www/todo/system/Database/MySQLi/Connection.php:292
Stack trace:
#0 /var/www/todo/system/Database/MySQLi/Connection.php(292): mysqli->query()
#1 /var/www/todo/system/Database/BaseConnection.php(666): CodeIgniter\Database\MySQLi\Connection->execute()
#2 /var/www/todo/system/Database/BaseConnection.php(593): CodeIgniter\Database\BaseConnection->simpleQuery()
#3 /var/www/todo/system/Database/BaseBuilder.php(1585): CodeIgniter\Database\BaseConnection->query()
#4 /var/www/todo/system/Model.php(223): CodeIgniter\Database\BaseBuilder->get()
#5 /var/www/todo/system/BaseModel.php(585): CodeIgniter\Model->doFindAll()
#6 /var/www/todo/app/Controllers/TaskController.php(20): CodeIgniter\BaseModel->findAll()
#7 /var/www/todo/system/CodeIgniter.php(927): App\Controllers\TaskController->index()
#8 /var/www/todo/system/CodeIgniter.php(482): CodeIgniter\CodeIgniter->runController()
#9 /var/www/todo/system/CodeIgniter.php(351): CodeIgniter\CodeIgniter->handleRequest()
#10 /var/www/todo/public/index.php(67): CodeIgniter\CodeIgniter->run()
#11 /var/www/todo/system/Commands/Server/rewrite.php(46): require_once('/var/www/todo/p...')
#12 {main}
CRITICAL - 2022-11-30 11:02:15 --> Table 'dbTodo.tasks' doesn't exist
in SYSTEMPATH/Database/MySQLi/Connection.php on line 292.
 1 SYSTEMPATH/Database/MySQLi/Connection.php(292): mysqli->query()
 2 SYSTEMPATH/Database/BaseConnection.php(666): CodeIgniter\Database\MySQLi\Connection->execute()
 3 SYSTEMPATH/Database/BaseConnection.php(593): CodeIgniter\Database\BaseConnection->simpleQuery()
 4 SYSTEMPATH/Database/BaseBuilder.php(1585): CodeIgniter\Database\BaseConnection->query()
 5 SYSTEMPATH/Model.php(223): CodeIgniter\Database\BaseBuilder->get()
 6 SYSTEMPATH/BaseModel.php(585): CodeIgniter\Model->doFindAll()
 7 APPPATH/Controllers/TaskController.php(20): CodeIgniter\BaseModel->findAll()
 8 SYSTEMPATH/CodeIgniter.php(927): App\Controllers\TaskController->index()
 9 SYSTEMPATH/CodeIgniter.php(482): CodeIgniter\CodeIgniter->runController()
10 SYSTEMPATH/CodeIgniter.php(351): CodeIgniter\CodeIgniter->handleRequest()
11 FCPATH/index.php(67): CodeIgniter\CodeIgniter->run()
12 SYSTEMPATH/Commands/Server/rewrite.php(46): require_once('FCPATH/index.php')
ERROR - 2022-11-30 11:02:16 --> mysqli_sql_exception: Table 'dbTodo.tasks' doesn't exist in /var/www/todo/system/Database/MySQLi/Connection.php:292
Stack trace:
#0 /var/www/todo/system/Database/MySQLi/Connection.php(292): mysqli->query()
#1 /var/www/todo/system/Database/BaseConnection.php(666): CodeIgniter\Database\MySQLi\Connection->execute()
#2 /var/www/todo/system/Database/BaseConnection.php(593): CodeIgniter\Database\BaseConnection->simpleQuery()
#3 /var/www/todo/system/Database/BaseBuilder.php(1585): CodeIgniter\Database\BaseConnection->query()
#4 /var/www/todo/system/Model.php(223): CodeIgniter\Database\BaseBuilder->get()
#5 /var/www/todo/system/BaseModel.php(585): CodeIgniter\Model->doFindAll()
#6 /var/www/todo/app/Controllers/TaskController.php(20): CodeIgniter\BaseModel->findAll()
#7 /var/www/todo/system/CodeIgniter.php(927): App\Controllers\TaskController->index()
#8 /var/www/todo/system/CodeIgniter.php(482): CodeIgniter\CodeIgniter->runController()
#9 /var/www/todo/system/CodeIgniter.php(351): CodeIgniter\CodeIgniter->handleRequest()
#10 /var/www/todo/public/index.php(67): CodeIgniter\CodeIgniter->run()
#11 /var/www/todo/system/Commands/Server/rewrite.php(46): require_once('/var/www/todo/p...')
#12 {main}
CRITICAL - 2022-11-30 11:02:16 --> Table 'dbTodo.tasks' doesn't exist
in SYSTEMPATH/Database/MySQLi/Connection.php on line 292.
 1 SYSTEMPATH/Database/MySQLi/Connection.php(292): mysqli->query()
 2 SYSTEMPATH/Database/BaseConnection.php(666): CodeIgniter\Database\MySQLi\Connection->execute()
 3 SYSTEMPATH/Database/BaseConnection.php(593): CodeIgniter\Database\BaseConnection->simpleQuery()
 4 SYSTEMPATH/Database/BaseBuilder.php(1585): CodeIgniter\Database\BaseConnection->query()
 5 SYSTEMPATH/Model.php(223): CodeIgniter\Database\BaseBuilder->get()
 6 SYSTEMPATH/BaseModel.php(585): CodeIgniter\Model->doFindAll()
 7 APPPATH/Controllers/TaskController.php(20): CodeIgniter\BaseModel->findAll()
 8 SYSTEMPATH/CodeIgniter.php(927): App\Controllers\TaskController->index()
 9 SYSTEMPATH/CodeIgniter.php(482): CodeIgniter\CodeIgniter->runController()
10 SYSTEMPATH/CodeIgniter.php(351): CodeIgniter\CodeIgniter->handleRequest()
11 FCPATH/index.php(67): CodeIgniter\CodeIgniter->run()
12 SYSTEMPATH/Commands/Server/rewrite.php(46): require_once('FCPATH/index.php')
ERROR - 2022-11-30 11:02:16 --> mysqli_sql_exception: Table 'dbTodo.tasks' doesn't exist in /var/www/todo/system/Database/MySQLi/Connection.php:292
Stack trace:
#0 /var/www/todo/system/Database/MySQLi/Connection.php(292): mysqli->query()
#1 /var/www/todo/system/Database/BaseConnection.php(666): CodeIgniter\Database\MySQLi\Connection->execute()
#2 /var/www/todo/system/Database/BaseConnection.php(593): CodeIgniter\Database\BaseConnection->simpleQuery()
#3 /var/www/todo/system/Database/BaseBuilder.php(1585): CodeIgniter\Database\BaseConnection->query()
#4 /var/www/todo/system/Model.php(223): CodeIgniter\Database\BaseBuilder->get()
#5 /var/www/todo/system/BaseModel.php(585): CodeIgniter\Model->doFindAll()
#6 /var/www/todo/app/Controllers/TaskController.php(20): CodeIgniter\BaseModel->findAll()
#7 /var/www/todo/system/CodeIgniter.php(927): App\Controllers\TaskController->index()
#8 /var/www/todo/system/CodeIgniter.php(482): CodeIgniter\CodeIgniter->runController()
#9 /var/www/todo/system/CodeIgniter.php(351): CodeIgniter\CodeIgniter->handleRequest()
#10 /var/www/todo/public/index.php(67): CodeIgniter\CodeIgniter->run()
#11 /var/www/todo/system/Commands/Server/rewrite.php(46): require_once('/var/www/todo/p...')
#12 {main}
CRITICAL - 2022-11-30 11:02:16 --> Table 'dbTodo.tasks' doesn't exist
in SYSTEMPATH/Database/MySQLi/Connection.php on line 292.
 1 SYSTEMPATH/Database/MySQLi/Connection.php(292): mysqli->query()
 2 SYSTEMPATH/Database/BaseConnection.php(666): CodeIgniter\Database\MySQLi\Connection->execute()
 3 SYSTEMPATH/Database/BaseConnection.php(593): CodeIgniter\Database\BaseConnection->simpleQuery()
 4 SYSTEMPATH/Database/BaseBuilder.php(1585): CodeIgniter\Database\BaseConnection->query()
 5 SYSTEMPATH/Model.php(223): CodeIgniter\Database\BaseBuilder->get()
 6 SYSTEMPATH/BaseModel.php(585): CodeIgniter\Model->doFindAll()
 7 APPPATH/Controllers/TaskController.php(20): CodeIgniter\BaseModel->findAll()
 8 SYSTEMPATH/CodeIgniter.php(927): App\Controllers\TaskController->index()
 9 SYSTEMPATH/CodeIgniter.php(482): CodeIgniter\CodeIgniter->runController()
10 SYSTEMPATH/CodeIgniter.php(351): CodeIgniter\CodeIgniter->handleRequest()
11 FCPATH/index.php(67): CodeIgniter\CodeIgniter->run()
12 SYSTEMPATH/Commands/Server/rewrite.php(46): require_once('FCPATH/index.php')
ERROR - 2022-11-30 11:02:16 --> mysqli_sql_exception: Table 'dbTodo.tasks' doesn't exist in /var/www/todo/system/Database/MySQLi/Connection.php:292
Stack trace:
#0 /var/www/todo/system/Database/MySQLi/Connection.php(292): mysqli->query()
#1 /var/www/todo/system/Database/BaseConnection.php(666): CodeIgniter\Database\MySQLi\Connection->execute()
#2 /var/www/todo/system/Database/BaseConnection.php(593): CodeIgniter\Database\BaseConnection->simpleQuery()
#3 /var/www/todo/system/Database/BaseBuilder.php(1585): CodeIgniter\Database\BaseConnection->query()
#4 /var/www/todo/system/Model.php(223): CodeIgniter\Database\BaseBuilder->get()
#5 /var/www/todo/system/BaseModel.php(585): CodeIgniter\Model->doFindAll()
#6 /var/www/todo/app/Controllers/TaskController.php(20): CodeIgniter\BaseModel->findAll()
#7 /var/www/todo/system/CodeIgniter.php(927): App\Controllers\TaskController->index()
#8 /var/www/todo/system/CodeIgniter.php(482): CodeIgniter\CodeIgniter->runController()
#9 /var/www/todo/system/CodeIgniter.php(351): CodeIgniter\CodeIgniter->handleRequest()
#10 /var/www/todo/public/index.php(67): CodeIgniter\CodeIgniter->run()
#11 /var/www/todo/system/Commands/Server/rewrite.php(46): require_once('/var/www/todo/p...')
#12 {main}
CRITICAL - 2022-11-30 11:02:16 --> Table 'dbTodo.tasks' doesn't exist
in SYSTEMPATH/Database/MySQLi/Connection.php on line 292.
 1 SYSTEMPATH/Database/MySQLi/Connection.php(292): mysqli->query()
 2 SYSTEMPATH/Database/BaseConnection.php(666): CodeIgniter\Database\MySQLi\Connection->execute()
 3 SYSTEMPATH/Database/BaseConnection.php(593): CodeIgniter\Database\BaseConnection->simpleQuery()
 4 SYSTEMPATH/Database/BaseBuilder.php(1585): CodeIgniter\Database\BaseConnection->query()
 5 SYSTEMPATH/Model.php(223): CodeIgniter\Database\BaseBuilder->get()
 6 SYSTEMPATH/BaseModel.php(585): CodeIgniter\Model->doFindAll()
 7 APPPATH/Controllers/TaskController.php(20): CodeIgniter\BaseModel->findAll()
 8 SYSTEMPATH/CodeIgniter.php(927): App\Controllers\TaskController->index()
 9 SYSTEMPATH/CodeIgniter.php(482): CodeIgniter\CodeIgniter->runController()
10 SYSTEMPATH/CodeIgniter.php(351): CodeIgniter\CodeIgniter->handleRequest()
11 FCPATH/index.php(67): CodeIgniter\CodeIgniter->run()
12 SYSTEMPATH/Commands/Server/rewrite.php(46): require_once('FCPATH/index.php')
ERROR - 2022-11-30 11:02:18 --> mysqli_sql_exception: Table 'dbTodo.tasks' doesn't exist in /var/www/todo/system/Database/MySQLi/Connection.php:292
Stack trace:
#0 /var/www/todo/system/Database/MySQLi/Connection.php(292): mysqli->query()
#1 /var/www/todo/system/Database/BaseConnection.php(666): CodeIgniter\Database\MySQLi\Connection->execute()
#2 /var/www/todo/system/Database/BaseConnection.php(593): CodeIgniter\Database\BaseConnection->simpleQuery()
#3 /var/www/todo/system/Database/BaseBuilder.php(1585): CodeIgniter\Database\BaseConnection->query()
#4 /var/www/todo/system/Model.php(223): CodeIgniter\Database\BaseBuilder->get()
#5 /var/www/todo/system/BaseModel.php(585): CodeIgniter\Model->doFindAll()
#6 /var/www/todo/app/Controllers/TaskController.php(20): CodeIgniter\BaseModel->findAll()
#7 /var/www/todo/system/CodeIgniter.php(927): App\Controllers\TaskController->index()
#8 /var/www/todo/system/CodeIgniter.php(482): CodeIgniter\CodeIgniter->runController()
#9 /var/www/todo/system/CodeIgniter.php(351): CodeIgniter\CodeIgniter->handleRequest()
#10 /var/www/todo/public/index.php(67): CodeIgniter\CodeIgniter->run()
#11 /var/www/todo/system/Commands/Server/rewrite.php(46): require_once('/var/www/todo/p...')
#12 {main}
CRITICAL - 2022-11-30 11:02:18 --> Table 'dbTodo.tasks' doesn't exist
in SYSTEMPATH/Database/MySQLi/Connection.php on line 292.
 1 SYSTEMPATH/Database/MySQLi/Connection.php(292): mysqli->query()
 2 SYSTEMPATH/Database/BaseConnection.php(666): CodeIgniter\Database\MySQLi\Connection->execute()
 3 SYSTEMPATH/Database/BaseConnection.php(593): CodeIgniter\Database\BaseConnection->simpleQuery()
 4 SYSTEMPATH/Database/BaseBuilder.php(1585): CodeIgniter\Database\BaseConnection->query()
 5 SYSTEMPATH/Model.php(223): CodeIgniter\Database\BaseBuilder->get()
 6 SYSTEMPATH/BaseModel.php(585): CodeIgniter\Model->doFindAll()
 7 APPPATH/Controllers/TaskController.php(20): CodeIgniter\BaseModel->findAll()
 8 SYSTEMPATH/CodeIgniter.php(927): App\Controllers\TaskController->index()
 9 SYSTEMPATH/CodeIgniter.php(482): CodeIgniter\CodeIgniter->runController()
10 SYSTEMPATH/CodeIgniter.php(351): CodeIgniter\CodeIgniter->handleRequest()
11 FCPATH/index.php(67): CodeIgniter\CodeIgniter->run()
12 SYSTEMPATH/Commands/Server/rewrite.php(46): require_once('FCPATH/index.php')
ERROR - 2022-11-30 11:02:18 --> mysqli_sql_exception: Table 'dbTodo.tasks' doesn't exist in /var/www/todo/system/Database/MySQLi/Connection.php:292
Stack trace:
#0 /var/www/todo/system/Database/MySQLi/Connection.php(292): mysqli->query()
#1 /var/www/todo/system/Database/BaseConnection.php(666): CodeIgniter\Database\MySQLi\Connection->execute()
#2 /var/www/todo/system/Database/BaseConnection.php(593): CodeIgniter\Database\BaseConnection->simpleQuery()
#3 /var/www/todo/system/Database/BaseBuilder.php(1585): CodeIgniter\Database\BaseConnection->query()
#4 /var/www/todo/system/Model.php(223): CodeIgniter\Database\BaseBuilder->get()
#5 /var/www/todo/system/BaseModel.php(585): CodeIgniter\Model->doFindAll()
#6 /var/www/todo/app/Controllers/TaskController.php(20): CodeIgniter\BaseModel->findAll()
#7 /var/www/todo/system/CodeIgniter.php(927): App\Controllers\TaskController->index()
#8 /var/www/todo/system/CodeIgniter.php(482): CodeIgniter\CodeIgniter->runController()
#9 /var/www/todo/system/CodeIgniter.php(351): CodeIgniter\CodeIgniter->handleRequest()
#10 /var/www/todo/public/index.php(67): CodeIgniter\CodeIgniter->run()
#11 /var/www/todo/system/Commands/Server/rewrite.php(46): require_once('/var/www/todo/p...')
#12 {main}
CRITICAL - 2022-11-30 11:02:18 --> Table 'dbTodo.tasks' doesn't exist
in SYSTEMPATH/Database/MySQLi/Connection.php on line 292.
 1 SYSTEMPATH/Database/MySQLi/Connection.php(292): mysqli->query()
 2 SYSTEMPATH/Database/BaseConnection.php(666): CodeIgniter\Database\MySQLi\Connection->execute()
 3 SYSTEMPATH/Database/BaseConnection.php(593): CodeIgniter\Database\BaseConnection->simpleQuery()
 4 SYSTEMPATH/Database/BaseBuilder.php(1585): CodeIgniter\Database\BaseConnection->query()
 5 SYSTEMPATH/Model.php(223): CodeIgniter\Database\BaseBuilder->get()
 6 SYSTEMPATH/BaseModel.php(585): CodeIgniter\Model->doFindAll()
 7 APPPATH/Controllers/TaskController.php(20): CodeIgniter\BaseModel->findAll()
 8 SYSTEMPATH/CodeIgniter.php(927): App\Controllers\TaskController->index()
 9 SYSTEMPATH/CodeIgniter.php(482): CodeIgniter\CodeIgniter->runController()
10 SYSTEMPATH/CodeIgniter.php(351): CodeIgniter\CodeIgniter->handleRequest()
11 FCPATH/index.php(67): CodeIgniter\CodeIgniter->run()
12 SYSTEMPATH/Commands/Server/rewrite.php(46): require_once('FCPATH/index.php')
ERROR - 2022-11-30 11:02:19 --> mysqli_sql_exception: Table 'dbTodo.tasks' doesn't exist in /var/www/todo/system/Database/MySQLi/Connection.php:292
Stack trace:
#0 /var/www/todo/system/Database/MySQLi/Connection.php(292): mysqli->query()
#1 /var/www/todo/system/Database/BaseConnection.php(666): CodeIgniter\Database\MySQLi\Connection->execute()
#2 /var/www/todo/system/Database/BaseConnection.php(593): CodeIgniter\Database\BaseConnection->simpleQuery()
#3 /var/www/todo/system/Database/BaseBuilder.php(1585): CodeIgniter\Database\BaseConnection->query()
#4 /var/www/todo/system/Model.php(223): CodeIgniter\Database\BaseBuilder->get()
#5 /var/www/todo/system/BaseModel.php(585): CodeIgniter\Model->doFindAll()
#6 /var/www/todo/app/Controllers/TaskController.php(20): CodeIgniter\BaseModel->findAll()
#7 /var/www/todo/system/CodeIgniter.php(927): App\Controllers\TaskController->index()
#8 /var/www/todo/system/CodeIgniter.php(482): CodeIgniter\CodeIgniter->runController()
#9 /var/www/todo/system/CodeIgniter.php(351): CodeIgniter\CodeIgniter->handleRequest()
#10 /var/www/todo/public/index.php(67): CodeIgniter\CodeIgniter->run()
#11 /var/www/todo/system/Commands/Server/rewrite.php(46): require_once('/var/www/todo/p...')
#12 {main}
CRITICAL - 2022-11-30 11:02:19 --> Table 'dbTodo.tasks' doesn't exist
in SYSTEMPATH/Database/MySQLi/Connection.php on line 292.
 1 SYSTEMPATH/Database/MySQLi/Connection.php(292): mysqli->query()
 2 SYSTEMPATH/Database/BaseConnection.php(666): CodeIgniter\Database\MySQLi\Connection->execute()
 3 SYSTEMPATH/Database/BaseConnection.php(593): CodeIgniter\Database\BaseConnection->simpleQuery()
 4 SYSTEMPATH/Database/BaseBuilder.php(1585): CodeIgniter\Database\BaseConnection->query()
 5 SYSTEMPATH/Model.php(223): CodeIgniter\Database\BaseBuilder->get()
 6 SYSTEMPATH/BaseModel.php(585): CodeIgniter\Model->doFindAll()
 7 APPPATH/Controllers/TaskController.php(20): CodeIgniter\BaseModel->findAll()
 8 SYSTEMPATH/CodeIgniter.php(927): App\Controllers\TaskController->index()
 9 SYSTEMPATH/CodeIgniter.php(482): CodeIgniter\CodeIgniter->runController()
10 SYSTEMPATH/CodeIgniter.php(351): CodeIgniter\CodeIgniter->handleRequest()
11 FCPATH/index.php(67): CodeIgniter\CodeIgniter->run()
12 SYSTEMPATH/Commands/Server/rewrite.php(46): require_once('FCPATH/index.php')
